 Process in group number            1
 A PDF is used, so alpha_s(MZ) is going to be modified
 Old value of alpha_s from param_card:   0.11839999999999999     
  ****************************************
 
       NNPDFDriver version 1.0.3
   Grid: NNPDF23_lo_as_0130_qed_mem0.grid
  ****************************************
 New value of alpha_s from PDF nn23lo1:  0.13000000000000000     
 Define smin to   100.00000000000000     
 Define smin to   100.00000000000000     
 *****************************************************
 *               MadGraph/MadEvent                   *
 *        --------------------------------           *
 *          http://madgraph.hep.uiuc.edu             *
 *          http://madgraph.phys.ucl.ac.be           *
 *          http://madgraph.roma2.infn.it            *
 *        --------------------------------           *
 *                                                   *
 *          PARAMETER AND COUPLING VALUES            *
 *                                                   *
 *****************************************************

  External Params
  ---------------------------------
  
 mdl_CBtWL4 =    0.0000000000000000     
 mdl_CBWL4 =    0.0000000000000000     
 mdl_CWWL4 =    4.0000000000000000     
 mdl_CBBL4 =    0.0000000000000000     
 aEWM1 =    127.90000000000001     
 mdl_Gf =    1.1663700000000000E-005
 aS =   0.11839999999999999     
 mdl_ymb =    4.7000000000000002     
 mdl_ymt =    172.00000000000000     
 mdl_ymtau =    1.7769999999999999     
 mdl_MZ =    91.187600000000003     
 mdl_MTA =    1.7769999999999999     
 mdl_MT =    172.00000000000000     
 mdl_MB =    4.7000000000000002     
 mdl_MH =    125.00000000000000     
 mdl_WZ =    2.4952000000000001     
 mdl_WW =    2.0850000000000000     
 mdl_WT =    1.5083359999999999     
 mdl_WH =    4.0699999999999998E-003
  Internal Params
  ---------------------------------
  
 mdl_MZ__exp__2 =    8315.1783937600012     
 mdl_MZ__exp__4 =    69142191.720053151     
 mdl_sqrt__2 =    1.4142135623730951     
 mdl_MH__exp__2 =    15625.000000000000     
 mdl_complexi =                (0.0000000000000000,1.0000000000000000)
 mdl_aEW =    7.8186082877247844E-003
 mdl_MW =    79.824359746197842     
 mdl_sqrt__aEW =    8.8422894590285753E-002
 mdl_ee =   0.31345100004952897     
 mdl_MW__exp__2 =    6371.9284088904105     
 mdl_sw2 =   0.23369913342182447     
 mdl_cw =   0.87538612427783857     
 mdl_sqrt__sw2 =   0.48342438232036300     
 mdl_sw =   0.48342438232036300     
 mdl_g1 =   0.35807170271074895     
 mdl_gw =   0.64839716719502682     
 mdl_vev =    246.22056907348590     
 mdl_vev__exp__2 =    60624.568634871241     
 mdl_lam =   0.12886689630821144     
 mdl_yb =    2.6995322804122722E-002
 mdl_yt =   0.98791394091683138     
 mdl_ytau =    1.0206529494239589E-002
 mdl_muH =    88.388347648318444     
 mdl_ee__exp__2 =    9.8251529432049817E-002
 mdl_sw__exp__2 =   0.23369913342182450     
 mdl_cw__exp__2 =   0.76630086657817542     
 mdl_cw__exp__3 =   0.67080914562461802     
 mdl_sw__exp__3 =   0.11297585922324961     
  Internal Params evaluated point by point
  ----------------------------------------
  
 mdl_sqrt__aS =   0.34409301068170506     
 mdl_G__exp__2 =    1.4878582807401259     
  Couplings of NTGC
  ---------------------------------
  
         GC_1 =  -0.00000E+00  -0.10448E+00
         GC_2 =   0.00000E+00   0.20897E+00
        GC_16 =   0.00000E+00   0.57700E-01
        GC_17 =  -0.00000E+00  -0.11540E+00
        GC_18 =   0.00000E+00   0.17310E+00
        GC_19 =  -0.00000E+00  -0.31265E+00
        GC_20 =   0.00000E+00   0.25495E+00
        GC_21 =   0.00000E+00  -0.19725E+00
        GC_39 =   0.00000E+00   0.00000E+00
        GC_40 =  -0.00000E+00   0.00000E+00
        GC_41 =  -0.00000E+00   0.00000E+00
        GC_48 =  -0.00000E+00   0.00000E+00
        GC_50 =  -0.38006E-07   0.00000E+00
        GC_51 =  -0.10494E-07   0.00000E+00

 Collider parameters:
 --------------------

 Running at P P   machine @    13000.000000000000       GeV
 PDF set = nn23lo1
 alpha_s(Mz)= 0.1300 running at 2 loops.
 alpha_s(Mz)= 0.1300 running at 2 loops.
 Renormalization scale set on event-by-event basis
 Factorization   scale set on event-by-event basis


 getting user params
Enter number of events and max and min iterations: 
 Number of events and iterations         1000           5           3
Enter desired fractional accuracy: 
 Desired fractional accuracy:   0.10000000000000001     
Enter 0 for fixed, 2 for adjustable grid: 
Suppress amplitude (0 no, 1 yes)? 
 Using suppressed amplitude.
Exact helicity sum (0 yes, n = number/event)? 
 Explicitly summing over helicities
Enter Configuration Number: 
Running Configuration Number:    1
 Not subdividing B.W.
 Attempting mappinvarients           1           5
 Completed mapping           5
 about to integrate            7        1000           5           3           7           1
 Using non-zero grid deformation.
  7 dimensions   1000 events  7 invarients  5 iterations  1 config(s),  (0.99)
 Using h-tuple random number sequence.
 Error opening grid
 Using Uniform Grid!          20
 Using uniform alpha   1.0000000000000000     
 Grid defined OK
 Set CM energy to      13000.00
 Mapping Graph           1  to config           1
 Setting BW          -1           1   91.187600000000003     
Setting grid   2    0.17101E-04   1
 Transforming s_hat 1/s            6   2.4054950249467462E-005   100.00000000000000        168999999.99999997     
   1   1   2   3   4   5   6   7
 Masses: 0.000E+00 0.000E+00 0.000E+00 0.000E+00 0.000E+00
Using random seed offsets     1 :      1
  with seed                   24
 Ranmar initialization seeds       31059        9398
 
 ********************************************
 * You are using the DiscreteSampler module *
 *      part of the MG5_aMC framework       *
 *         Author: Valentin Hirschi         *
 ********************************************
 
  Particle       3       4       5
      Et >     0.0     0.0    10.0
       E >     0.0     0.0     0.0
     Eta <    -1.0    -1.0     2.5
   xqcut:      0.0     0.0     0.0
d R # 3  >    -0.0     0.0     0.0
d R # 4  >    -0.0    -0.0     0.0
s min # 3>     0.0     0.0     0.0
s min # 4>     0.0     0.0     0.0
xqcutij # 3>     0.0     0.0     0.0
xqcutij # 4>     0.0     0.0     0.0
 No cut BW           -1           1
 alpha_s for scale    74.775735036572257       is   0.13445668885601850     
 Added good helicity            1   4.3035185663914586       in event            1 local:           1
 Added good helicity            2  0.91079230161262226       in event            1 local:           1
 Added good helicity            7   9.9001122135969108       in event            1 local:           1
 Added good helicity            8   14.742711180230740       in event            1 local:           1
 Added good helicity           25   1.1390328865478925       in event            1 local:           1
 Added good helicity           26  0.76489007035033374       in event            1 local:           1
 Added good helicity           31   4.1736530716275186E-002  in event            1 local:           1
 Added good helicity           32  0.19720625055376423       in event            1 local:           1
 Added good helicity            1   4.3035185663914586       in event            1 local:           1
 Added good helicity            2  0.91079230161262326       in event            1 local:           1
 Added good helicity            7   9.9001122135969108       in event            1 local:           1
 Added good helicity            8   14.742711180230749       in event            1 local:           1
 Added good helicity           25   1.1390328865478940       in event            1 local:           1
 Added good helicity           26  0.76489007035033318       in event            1 local:           1
 Added good helicity           31   4.1736530716275234E-002  in event            1 local:           1
 Added good helicity           32  0.19720625055376337       in event            1 local:           1
 RESET CUMULATIVE VARIABLE
 RESET CUMULATIVE VARIABLE
 RESET CUMULATIVE VARIABLE
 Iteration  1   Mean: 0.2076E-04 Abs mean: 0.2076E-04   Fluctuation:  0.785E-05   0.549E-02    23.8%
  1    0.2076E-04 0.2076E-04 +- 0.7846E-05     11.95
 Writing out events   1.7446437498771466E-008   11.949202582611498     
 Relative summed weights:
  0.4933E+00  0.2944E+00  0.2070E+00  0.5275E-02
 Relative number of events:
  0.4174E+00  0.3947E+00  0.9298E-01  0.9496E-01
 Events:
         422         399          94          96
 Iteration  2   Mean: 0.1667E-03 Abs mean: 0.1667E-03   Fluctuation:  0.942E-04   0.174E+00    61.3%
  2    0.1667E-03 0.1667E-03 +- 0.9422E-04     25.28
 Relative summed weights:
  0.6685E+00  0.3198E+00  0.6267E-02  0.5358E-02
 Relative number of events:
  0.4360E+00  0.4185E+00  0.7750E-01  0.6800E-01
 Events:
         872         837         155         136
 Iteration  3   Mean: 0.8007E-04 Abs mean: 0.8007E-04   Fluctuation:  0.671E-05   0.127E-01    83.6%
  3    0.8007E-04 0.8007E-04 +- 0.6714E-05      5.30
 Relative summed weights:
  0.3896E+00  0.4860E+00  0.4316E-01  0.8122E-01
 Relative number of events:
  0.4213E+00  0.4417E+00  0.6875E-01  0.6825E-01
 Events:
        1685        1767         275         273
 Accuracy:    0.159   0.100   0.081   3.834
 Found          166  events.
 Wrote           29  events.
 Actual xsec    7.9120195155251945E-005
 Correct abs xsec    7.9120195155251945E-005
 Event xsec    7.9120195155251972E-005
 Events wgts > 1:            1
 % Cross section > 1:    5.9212739420867744E-014   7.4838970385094182E-008
 Iteration  4   Mean: 0.7634E-04 Abs mean: 0.7634E-04   Fluctuation:  0.235E-05   0.695E-02    91.8%
  4    0.7634E-04 0.7634E-04 +- 0.2352E-05      2.76
 Relative summed weights:
  0.4278E+00  0.4355E+00  0.6858E-01  0.6821E-01
 Relative number of events:
  0.4299E+00  0.4375E+00  0.6575E-01  0.6688E-01
 Events:
        3439        3500         526         535
 Accuracy:    0.048   0.100   0.029   2.779
 Finished due to accuracy    4.8007477292977996E-002  0.10000000000000001     

 -------------------------------------------------------------------------------
 Accumulated results:   Integral =  0.7669E-04
                        Std dev  =  0.2208E-05
                       Cross sec =  0.7669E-04
             Chi**2 per DoF.     =      2.7790
 -------------------------------------------------------------------------------
 Found          744  events.
 Wrote           94  events.
 Actual xsec    7.7014375550600632E-005
 Correct abs xsec    7.7014375550600632E-005
 Event xsec    7.7014375550600646E-005
 Events wgts > 1:            3
 % Cross section > 1:    3.3785147535956774E-007  0.43868624908552256     
-------------------------------------------------
---------------------------
 Results Last   3 iters: Integral =   0.7701E-04
                     Abs integral =   0.7701E-04
                          Std dev =   0.2224E-05
                  Chi**2 per DoF. =      0.5980
-------------------------------------------------
---------------------------
 Status  0.10000000000000001                5           5

ls status:
events.lhe
ftn26
input_app.txt
results.dat
run1_app.log
