This is pdfTeX, Version 3.14159265-2.6-1.40.18 (TeX Live 2017/Debian) (preloaded format=latex)
 restricted \write18 enabled.
entering extended mode
(./main.tex
LaTeX2e <2017-04-15>
Babel <3.18> and hyphenation patterns for 84 language(s) loaded.
(/usr/share/texlive/texmf-dist/tex/latex/base/article.cls
Document Class: article 2014/09/29 v1.4h Standard LaTeX document class
(/usr/share/texlive/texmf-dist/tex/latex/base/size10.clo)) (./jheppub.sty
(/usr/share/texlive/texmf-dist/tex/latex/amsmath/amsmath.sty
For additional information on amsmath, use the `?' option.
(/usr/share/texlive/texmf-dist/tex/latex/amsmath/amstext.sty
(/usr/share/texlive/texmf-dist/tex/latex/amsmath/amsgen.sty))
(/usr/share/texlive/texmf-dist/tex/latex/amsmath/amsbsy.sty)
(/usr/share/texlive/texmf-dist/tex/latex/amsmath/amsopn.sty))
(/usr/share/texlive/texmf-dist/tex/latex/amsfonts/amssymb.sty
(/usr/share/texlive/texmf-dist/tex/latex/amsfonts/amsfonts.sty))
(/usr/share/texlive/texmf-dist/tex/latex/graphics/epsfig.sty
(/usr/share/texlive/texmf-dist/tex/latex/graphics/graphicx.sty
(/usr/share/texlive/texmf-dist/tex/latex/graphics/keyval.sty)
(/usr/share/texlive/texmf-dist/tex/latex/graphics/graphics.sty
(/usr/share/texlive/texmf-dist/tex/latex/graphics/trig.sty)
(/usr/share/texlive/texmf-dist/tex/latex/graphics-cfg/graphics.cfg)
(/usr/share/texlive/texmf-dist/tex/latex/graphics-def/dvips.def))))
(/usr/share/texlive/texmf-dist/tex/latex/natbib/natbib.sty)
(/usr/share/texlive/texmf-dist/tex/latex/graphics/color.sty
(/usr/share/texlive/texmf-dist/tex/latex/graphics-cfg/color.cfg)
(/usr/share/texlive/texmf-dist/tex/latex/graphics/dvipsnam.def))
(/usr/share/texlive/texmf-dist/tex/latex/hyperref/hyperref.sty
(/usr/share/texlive/texmf-dist/tex/generic/oberdiek/hobsub-hyperref.sty
(/usr/share/texlive/texmf-dist/tex/generic/oberdiek/hobsub-generic.sty))
(/usr/share/texlive/texmf-dist/tex/generic/ifxetex/ifxetex.sty)
(/usr/share/texlive/texmf-dist/tex/latex/oberdiek/auxhook.sty)
(/usr/share/texlive/texmf-dist/tex/latex/oberdiek/kvoptions.sty)
(/usr/share/texlive/texmf-dist/tex/latex/hyperref/pd1enc.def)
(/usr/share/texlive/texmf-dist/tex/latex/latexconfig/hyperref.cfg)

Package hyperref Warning: Option `pagecolor' is not available anymore.

(/usr/share/texlive/texmf-dist/tex/latex/url/url.sty))
(/usr/share/texlive/texmf-dist/tex/latex/hyperref/hdvips.def
(/usr/share/texlive/texmf-dist/tex/latex/hyperref/pdfmark.def
(/usr/share/texlive/texmf-dist/tex/latex/oberdiek/rerunfilecheck.sty)))
(/usr/share/texlive/texmf-dist/tex/latex/psnfss/ot1phv.fd))
(/usr/share/texlive/texmf-dist/tex/latex/base/fontenc.sty
(/usr/share/texlive/texmf-dist/tex/latex/base/t1enc.def))
(/usr/share/texlive/texmf-dist/tex/latex/colortbl/colortbl.sty
(/usr/share/texlive/texmf-dist/tex/latex/tools/array.sty))
(/usr/share/texlive/texmf-dist/tex/latex/xcolor/xcolor.sty
(/usr/share/texlive/texmf-dist/tex/latex/graphics-cfg/color.cfg))
(/usr/share/texlive/texmf-dist/tex/latex/float/float.sty)
No file main.aux.
(/usr/share/texlive/texmf-dist/tex/latex/hyperref/nameref.sty
(/usr/share/texlive/texmf-dist/tex/generic/oberdiek/gettitlestring.sty))

Package hyperref Warning: Rerun to get /PageLabels entry.

(/usr/share/texlive/texmf-dist/tex/latex/base/t1cmss.fd) <logo.eps>

Package JHEP Warning: E-mails are missing.
(JHEP)                Plese use \emailAdd macro to provide e-mails..

(/usr/share/texlive/texmf-dist/tex/latex/amsfonts/umsa.fd)
(/usr/share/texlive/texmf-dist/tex/latex/amsfonts/umsb.fd)
Underfull \hbox (badness 10000) in paragraph at lines 38--38


Underfull \hbox (badness 10000) in paragraph at lines 38--38


Underfull \hbox (badness 10000) in paragraph at lines 38--38


Underfull \hbox (badness 10000) in paragraph at lines 38--38

[0] [1] (/usr/share/texlive/texmf-dist/tex/latex/base/t1cmtt.fd)
Overfull \hbox (84.168pt too wide) in paragraph at lines 50--107
\T1/cmtt/m/n/10 ma5>import /-home/-jcordero/-CMS/-Theory/-MG5_aMC_v2_7_2/-sm_ll
gm/-Events/-run_01/-unweighted_events.lhe.gz

Overfull \hbox (36.92953pt too wide) in paragraph at lines 50--107
\T1/cmtt/m/n/10 ma5>submit /-home/-jcordero/-CMS/-Theory/-MG5_aMC_v2_7_2/-sm_ll
gm/-MA5_PARTON_ANALYSIS_analysis1 

Underfull \hbox (badness 10000) in paragraph at lines 50--107

(/usr/share/texlive/texmf-dist/tex/latex/base/omscmr.fd) [2]
Underfull \hbox (badness 10000) in paragraph at lines 135--135
[]|\T1/cmr/m/n/10 sm_llgm/-Events/-run_01/-

Overfull \hbox (18.13213pt too wide) in paragraph at lines 131--138
 [] 
[3]
Overfull \hbox (18.48262pt too wide) in paragraph at lines 156--156
[]|\T1/cmr/m/n/10 unweighted_events| 

Overfull \hbox (55.33208pt too wide) in paragraph at lines 152--159
 [] 

Underfull \hbox (badness 10000) in paragraph at lines 149--160

<selection_0.eps> [4]
Overfull \hbox (18.48262pt too wide) in paragraph at lines 178--178
[]|\T1/cmr/m/n/10 unweighted_events| 

Overfull \hbox (55.33208pt too wide) in paragraph at lines 174--181
 [] 

Underfull \hbox (badness 10000) in paragraph at lines 171--182

<selection_1.eps> [5]
Overfull \hbox (18.48262pt too wide) in paragraph at lines 200--200
[]|\T1/cmr/m/n/10 unweighted_events| 

Overfull \hbox (55.33208pt too wide) in paragraph at lines 196--203
 [] 

Underfull \hbox (badness 10000) in paragraph at lines 193--204

<selection_2.eps> [6]
Overfull \hbox (18.48262pt too wide) in paragraph at lines 222--222
[]|\T1/cmr/m/n/10 unweighted_events| 

Overfull \hbox (55.33208pt too wide) in paragraph at lines 218--225
 [] 

Underfull \hbox (badness 10000) in paragraph at lines 215--226

<selection_3.eps> [7]
Overfull \hbox (18.48262pt too wide) in paragraph at lines 244--244
[]|\T1/cmr/m/n/10 unweighted_events| 

Overfull \hbox (55.33208pt too wide) in paragraph at lines 240--247
 [] 

Underfull \hbox (badness 10000) in paragraph at lines 237--248

<selection_4.eps> [8]
Overfull \hbox (18.48262pt too wide) in paragraph at lines 266--266
[]|\T1/cmr/m/n/10 unweighted_events| 

Overfull \hbox (55.33208pt too wide) in paragraph at lines 262--269
 [] 

Underfull \hbox (badness 10000) in paragraph at lines 259--270

<selection_5.eps> [9]
Overfull \hbox (18.48262pt too wide) in paragraph at lines 288--288
[]|\T1/cmr/m/n/10 unweighted_events| 

Overfull \hbox (55.33208pt too wide) in paragraph at lines 284--291
 [] 

Underfull \hbox (badness 10000) in paragraph at lines 281--292

<selection_6.eps> [10]
Overfull \hbox (18.48262pt too wide) in paragraph at lines 310--310
[]|\T1/cmr/m/n/10 unweighted_events| 

Overfull \hbox (55.33208pt too wide) in paragraph at lines 306--313
 [] 

Underfull \hbox (badness 10000) in paragraph at lines 303--314

<selection_7.eps> [11]
Overfull \hbox (18.48262pt too wide) in paragraph at lines 332--332
[]|\T1/cmr/m/n/10 unweighted_events| 

Overfull \hbox (55.33208pt too wide) in paragraph at lines 328--335
 [] 

Underfull \hbox (badness 10000) in paragraph at lines 325--336

<selection_8.eps> [12]
Overfull \hbox (18.48262pt too wide) in paragraph at lines 354--354
[]|\T1/cmr/m/n/10 unweighted_events| 

Overfull \hbox (55.33208pt too wide) in paragraph at lines 350--357
 [] 

Underfull \hbox (badness 10000) in paragraph at lines 347--358

<selection_9.eps> [13]
Overfull \hbox (18.48262pt too wide) in paragraph at lines 376--376
[]|\T1/cmr/m/n/10 unweighted_events| 

Overfull \hbox (55.33208pt too wide) in paragraph at lines 372--379
 [] 

Underfull \hbox (badness 10000) in paragraph at lines 369--380

<selection_10.eps> [14]
Overfull \hbox (18.48262pt too wide) in paragraph at lines 398--398
[]|\T1/cmr/m/n/10 unweighted_events| 

Overfull \hbox (55.33208pt too wide) in paragraph at lines 394--401
 [] 

Underfull \hbox (badness 10000) in paragraph at lines 391--402

<selection_11.eps> [15]
Overfull \hbox (18.48262pt too wide) in paragraph at lines 420--420
[]|\T1/cmr/m/n/10 unweighted_events| 

Overfull \hbox (55.33208pt too wide) in paragraph at lines 416--423
 [] 

Underfull \hbox (badness 10000) in paragraph at lines 413--424

<selection_12.eps> [16]
Overfull \hbox (18.48262pt too wide) in paragraph at lines 442--442
[]|\T1/cmr/m/n/10 unweighted_events| 

Overfull \hbox (55.33208pt too wide) in paragraph at lines 438--445
 [] 

Underfull \hbox (badness 10000) in paragraph at lines 435--446

<selection_13.eps> [17]
Overfull \hbox (18.48262pt too wide) in paragraph at lines 464--464
[]|\T1/cmr/m/n/10 unweighted_events| 

Overfull \hbox (55.33208pt too wide) in paragraph at lines 460--467
 [] 

Underfull \hbox (badness 10000) in paragraph at lines 457--468

<selection_14.eps> [18]
Overfull \hbox (18.48262pt too wide) in paragraph at lines 486--486
[]|\T1/cmr/m/n/10 unweighted_events| 

Overfull \hbox (55.33208pt too wide) in paragraph at lines 482--489
 [] 

Underfull \hbox (badness 10000) in paragraph at lines 479--490

<selection_15.eps> [19]
Overfull \hbox (18.48262pt too wide) in paragraph at lines 508--508
[]|\T1/cmr/m/n/10 unweighted_events| 

Overfull \hbox (55.33208pt too wide) in paragraph at lines 504--511
 [] 

Underfull \hbox (badness 10000) in paragraph at lines 501--512

<selection_16.eps> [20]
Overfull \hbox (18.48262pt too wide) in paragraph at lines 530--530
[]|\T1/cmr/m/n/10 unweighted_events| 

Overfull \hbox (55.33208pt too wide) in paragraph at lines 526--533
 [] 

Underfull \hbox (badness 10000) in paragraph at lines 523--534

<selection_17.eps> [21]
Overfull \hbox (18.48262pt too wide) in paragraph at lines 552--552
[]|\T1/cmr/m/n/10 unweighted_events| 

Overfull \hbox (55.33208pt too wide) in paragraph at lines 548--555
 [] 

Underfull \hbox (badness 10000) in paragraph at lines 545--556

<selection_18.eps> [22]
Overfull \hbox (18.48262pt too wide) in paragraph at lines 574--574
[]|\T1/cmr/m/n/10 unweighted_events| 

Overfull \hbox (55.33208pt too wide) in paragraph at lines 570--577
 [] 

Underfull \hbox (badness 10000) in paragraph at lines 567--578

<selection_19.eps> [23]
Overfull \hbox (18.48262pt too wide) in paragraph at lines 596--596
[]|\T1/cmr/m/n/10 unweighted_events| 

Overfull \hbox (55.33208pt too wide) in paragraph at lines 592--599
 [] 

Underfull \hbox (badness 10000) in paragraph at lines 589--600

<selection_20.eps> [24]
Overfull \hbox (18.48262pt too wide) in paragraph at lines 618--618
[]|\T1/cmr/m/n/10 unweighted_events| 

Overfull \hbox (55.33208pt too wide) in paragraph at lines 614--621
 [] 

Underfull \hbox (badness 10000) in paragraph at lines 611--622

<selection_21.eps> [25] (./main.aux)

Package rerunfilecheck Warning: File `main.out' has changed.
(rerunfilecheck)                Rerun to get outlines right
(rerunfilecheck)                or use package `bookmark'.

 )
(see the transcript file for additional information)
Output written on main.dvi (26 pages, 72880 bytes).
Transcript written on main.log.
This is pdfTeX, Version 3.14159265-2.6-1.40.18 (TeX Live 2017/Debian) (preloaded format=latex)
 restricted \write18 enabled.
entering extended mode
(./main.tex
LaTeX2e <2017-04-15>
Babel <3.18> and hyphenation patterns for 84 language(s) loaded.
(/usr/share/texlive/texmf-dist/tex/latex/base/article.cls
Document Class: article 2014/09/29 v1.4h Standard LaTeX document class
(/usr/share/texlive/texmf-dist/tex/latex/base/size10.clo)) (./jheppub.sty
(/usr/share/texlive/texmf-dist/tex/latex/amsmath/amsmath.sty
For additional information on amsmath, use the `?' option.
(/usr/share/texlive/texmf-dist/tex/latex/amsmath/amstext.sty
(/usr/share/texlive/texmf-dist/tex/latex/amsmath/amsgen.sty))
(/usr/share/texlive/texmf-dist/tex/latex/amsmath/amsbsy.sty)
(/usr/share/texlive/texmf-dist/tex/latex/amsmath/amsopn.sty))
(/usr/share/texlive/texmf-dist/tex/latex/amsfonts/amssymb.sty
(/usr/share/texlive/texmf-dist/tex/latex/amsfonts/amsfonts.sty))
(/usr/share/texlive/texmf-dist/tex/latex/graphics/epsfig.sty
(/usr/share/texlive/texmf-dist/tex/latex/graphics/graphicx.sty
(/usr/share/texlive/texmf-dist/tex/latex/graphics/keyval.sty)
(/usr/share/texlive/texmf-dist/tex/latex/graphics/graphics.sty
(/usr/share/texlive/texmf-dist/tex/latex/graphics/trig.sty)
(/usr/share/texlive/texmf-dist/tex/latex/graphics-cfg/graphics.cfg)
(/usr/share/texlive/texmf-dist/tex/latex/graphics-def/dvips.def))))
(/usr/share/texlive/texmf-dist/tex/latex/natbib/natbib.sty)
(/usr/share/texlive/texmf-dist/tex/latex/graphics/color.sty
(/usr/share/texlive/texmf-dist/tex/latex/graphics-cfg/color.cfg)
(/usr/share/texlive/texmf-dist/tex/latex/graphics/dvipsnam.def))
(/usr/share/texlive/texmf-dist/tex/latex/hyperref/hyperref.sty
(/usr/share/texlive/texmf-dist/tex/generic/oberdiek/hobsub-hyperref.sty
(/usr/share/texlive/texmf-dist/tex/generic/oberdiek/hobsub-generic.sty))
(/usr/share/texlive/texmf-dist/tex/generic/ifxetex/ifxetex.sty)
(/usr/share/texlive/texmf-dist/tex/latex/oberdiek/auxhook.sty)
(/usr/share/texlive/texmf-dist/tex/latex/oberdiek/kvoptions.sty)
(/usr/share/texlive/texmf-dist/tex/latex/hyperref/pd1enc.def)
(/usr/share/texlive/texmf-dist/tex/latex/latexconfig/hyperref.cfg)

Package hyperref Warning: Option `pagecolor' is not available anymore.

(/usr/share/texlive/texmf-dist/tex/latex/url/url.sty))
(/usr/share/texlive/texmf-dist/tex/latex/hyperref/hdvips.def
(/usr/share/texlive/texmf-dist/tex/latex/hyperref/pdfmark.def
(/usr/share/texlive/texmf-dist/tex/latex/oberdiek/rerunfilecheck.sty)))
(/usr/share/texlive/texmf-dist/tex/latex/psnfss/ot1phv.fd))
(/usr/share/texlive/texmf-dist/tex/latex/base/fontenc.sty
(/usr/share/texlive/texmf-dist/tex/latex/base/t1enc.def))
(/usr/share/texlive/texmf-dist/tex/latex/colortbl/colortbl.sty
(/usr/share/texlive/texmf-dist/tex/latex/tools/array.sty))
(/usr/share/texlive/texmf-dist/tex/latex/xcolor/xcolor.sty
(/usr/share/texlive/texmf-dist/tex/latex/graphics-cfg/color.cfg))
(/usr/share/texlive/texmf-dist/tex/latex/float/float.sty) (./main.aux)
(/usr/share/texlive/texmf-dist/tex/latex/hyperref/nameref.sty
(/usr/share/texlive/texmf-dist/tex/generic/oberdiek/gettitlestring.sty))
(./main.out) (./main.out)
(/usr/share/texlive/texmf-dist/tex/latex/base/t1cmss.fd) <logo.eps>

Package JHEP Warning: E-mails are missing.
(JHEP)                Plese use \emailAdd macro to provide e-mails..

(/usr/share/texlive/texmf-dist/tex/latex/amsfonts/umsa.fd)
(/usr/share/texlive/texmf-dist/tex/latex/amsfonts/umsb.fd)
Underfull \hbox (badness 10000) in paragraph at lines 38--38


Underfull \hbox (badness 10000) in paragraph at lines 38--38


Underfull \hbox (badness 10000) in paragraph at lines 38--38


Underfull \hbox (badness 10000) in paragraph at lines 38--38

[0] (./main.toc) [1] (/usr/share/texlive/texmf-dist/tex/latex/base/t1cmtt.fd)
Overfull \hbox (84.168pt too wide) in paragraph at lines 50--107
\T1/cmtt/m/n/10 ma5>import /-home/-jcordero/-CMS/-Theory/-MG5_aMC_v2_7_2/-sm_ll
gm/-Events/-run_01/-unweighted_events.lhe.gz

Overfull \hbox (36.92953pt too wide) in paragraph at lines 50--107
\T1/cmtt/m/n/10 ma5>submit /-home/-jcordero/-CMS/-Theory/-MG5_aMC_v2_7_2/-sm_ll
gm/-MA5_PARTON_ANALYSIS_analysis1 

Underfull \hbox (badness 10000) in paragraph at lines 50--107

(/usr/share/texlive/texmf-dist/tex/latex/base/omscmr.fd) [2]
Underfull \hbox (badness 10000) in paragraph at lines 135--135
[]|\T1/cmr/m/n/10 sm_llgm/-Events/-run_01/-

Overfull \hbox (18.13213pt too wide) in paragraph at lines 131--138
 [] 
[3]
Overfull \hbox (18.48262pt too wide) in paragraph at lines 156--156
[]|\T1/cmr/m/n/10 unweighted_events| 

Overfull \hbox (55.33208pt too wide) in paragraph at lines 152--159
 [] 

Underfull \hbox (badness 10000) in paragraph at lines 149--160

<selection_0.eps> [4]
Overfull \hbox (18.48262pt too wide) in paragraph at lines 178--178
[]|\T1/cmr/m/n/10 unweighted_events| 

Overfull \hbox (55.33208pt too wide) in paragraph at lines 174--181
 [] 

Underfull \hbox (badness 10000) in paragraph at lines 171--182

<selection_1.eps> [5]
Overfull \hbox (18.48262pt too wide) in paragraph at lines 200--200
[]|\T1/cmr/m/n/10 unweighted_events| 

Overfull \hbox (55.33208pt too wide) in paragraph at lines 196--203
 [] 

Underfull \hbox (badness 10000) in paragraph at lines 193--204

<selection_2.eps> [6]
Overfull \hbox (18.48262pt too wide) in paragraph at lines 222--222
[]|\T1/cmr/m/n/10 unweighted_events| 

Overfull \hbox (55.33208pt too wide) in paragraph at lines 218--225
 [] 

Underfull \hbox (badness 10000) in paragraph at lines 215--226

<selection_3.eps> [7]
Overfull \hbox (18.48262pt too wide) in paragraph at lines 244--244
[]|\T1/cmr/m/n/10 unweighted_events| 

Overfull \hbox (55.33208pt too wide) in paragraph at lines 240--247
 [] 

Underfull \hbox (badness 10000) in paragraph at lines 237--248

<selection_4.eps> [8]
Overfull \hbox (18.48262pt too wide) in paragraph at lines 266--266
[]|\T1/cmr/m/n/10 unweighted_events| 

Overfull \hbox (55.33208pt too wide) in paragraph at lines 262--269
 [] 

Underfull \hbox (badness 10000) in paragraph at lines 259--270

<selection_5.eps> [9]
Overfull \hbox (18.48262pt too wide) in paragraph at lines 288--288
[]|\T1/cmr/m/n/10 unweighted_events| 

Overfull \hbox (55.33208pt too wide) in paragraph at lines 284--291
 [] 

Underfull \hbox (badness 10000) in paragraph at lines 281--292

<selection_6.eps> [10]
Overfull \hbox (18.48262pt too wide) in paragraph at lines 310--310
[]|\T1/cmr/m/n/10 unweighted_events| 

Overfull \hbox (55.33208pt too wide) in paragraph at lines 306--313
 [] 

Underfull \hbox (badness 10000) in paragraph at lines 303--314

<selection_7.eps> [11]
Overfull \hbox (18.48262pt too wide) in paragraph at lines 332--332
[]|\T1/cmr/m/n/10 unweighted_events| 

Overfull \hbox (55.33208pt too wide) in paragraph at lines 328--335
 [] 

Underfull \hbox (badness 10000) in paragraph at lines 325--336

<selection_8.eps> [12]
Overfull \hbox (18.48262pt too wide) in paragraph at lines 354--354
[]|\T1/cmr/m/n/10 unweighted_events| 

Overfull \hbox (55.33208pt too wide) in paragraph at lines 350--357
 [] 

Underfull \hbox (badness 10000) in paragraph at lines 347--358

<selection_9.eps> [13]
Overfull \hbox (18.48262pt too wide) in paragraph at lines 376--376
[]|\T1/cmr/m/n/10 unweighted_events| 

Overfull \hbox (55.33208pt too wide) in paragraph at lines 372--379
 [] 

Underfull \hbox (badness 10000) in paragraph at lines 369--380

<selection_10.eps> [14]
Overfull \hbox (18.48262pt too wide) in paragraph at lines 398--398
[]|\T1/cmr/m/n/10 unweighted_events| 

Overfull \hbox (55.33208pt too wide) in paragraph at lines 394--401
 [] 

Underfull \hbox (badness 10000) in paragraph at lines 391--402

<selection_11.eps> [15]
Overfull \hbox (18.48262pt too wide) in paragraph at lines 420--420
[]|\T1/cmr/m/n/10 unweighted_events| 

Overfull \hbox (55.33208pt too wide) in paragraph at lines 416--423
 [] 

Underfull \hbox (badness 10000) in paragraph at lines 413--424

<selection_12.eps> [16]
Overfull \hbox (18.48262pt too wide) in paragraph at lines 442--442
[]|\T1/cmr/m/n/10 unweighted_events| 

Overfull \hbox (55.33208pt too wide) in paragraph at lines 438--445
 [] 

Underfull \hbox (badness 10000) in paragraph at lines 435--446

<selection_13.eps> [17]
Overfull \hbox (18.48262pt too wide) in paragraph at lines 464--464
[]|\T1/cmr/m/n/10 unweighted_events| 

Overfull \hbox (55.33208pt too wide) in paragraph at lines 460--467
 [] 

Underfull \hbox (badness 10000) in paragraph at lines 457--468

<selection_14.eps> [18]
Overfull \hbox (18.48262pt too wide) in paragraph at lines 486--486
[]|\T1/cmr/m/n/10 unweighted_events| 

Overfull \hbox (55.33208pt too wide) in paragraph at lines 482--489
 [] 

Underfull \hbox (badness 10000) in paragraph at lines 479--490

<selection_15.eps> [19]
Overfull \hbox (18.48262pt too wide) in paragraph at lines 508--508
[]|\T1/cmr/m/n/10 unweighted_events| 

Overfull \hbox (55.33208pt too wide) in paragraph at lines 504--511
 [] 

Underfull \hbox (badness 10000) in paragraph at lines 501--512

<selection_16.eps> [20]
Overfull \hbox (18.48262pt too wide) in paragraph at lines 530--530
[]|\T1/cmr/m/n/10 unweighted_events| 

Overfull \hbox (55.33208pt too wide) in paragraph at lines 526--533
 [] 

Underfull \hbox (badness 10000) in paragraph at lines 523--534

<selection_17.eps> [21]
Overfull \hbox (18.48262pt too wide) in paragraph at lines 552--552
[]|\T1/cmr/m/n/10 unweighted_events| 

Overfull \hbox (55.33208pt too wide) in paragraph at lines 548--555
 [] 

Underfull \hbox (badness 10000) in paragraph at lines 545--556

<selection_18.eps> [22]
Overfull \hbox (18.48262pt too wide) in paragraph at lines 574--574
[]|\T1/cmr/m/n/10 unweighted_events| 

Overfull \hbox (55.33208pt too wide) in paragraph at lines 570--577
 [] 

Underfull \hbox (badness 10000) in paragraph at lines 567--578

<selection_19.eps> [23]
Overfull \hbox (18.48262pt too wide) in paragraph at lines 596--596
[]|\T1/cmr/m/n/10 unweighted_events| 

Overfull \hbox (55.33208pt too wide) in paragraph at lines 592--599
 [] 

Underfull \hbox (badness 10000) in paragraph at lines 589--600

<selection_20.eps> [24]
Overfull \hbox (18.48262pt too wide) in paragraph at lines 618--618
[]|\T1/cmr/m/n/10 unweighted_events| 

Overfull \hbox (55.33208pt too wide) in paragraph at lines 614--621
 [] 

Underfull \hbox (badness 10000) in paragraph at lines 611--622

<selection_21.eps> [25] (./main.aux) )
(see the transcript file for additional information)
Output written on main.dvi (26 pages, 83700 bytes).
Transcript written on main.log.
