 Process in group number            1
 A PDF is used, so alpha_s(MZ) is going to be modified
 Old value of alpha_s from param_card:   0.11839999999999999     
  ****************************************
 
       NNPDFDriver version 1.0.3
   Grid: NNPDF23_lo_as_0130_qed_mem0.grid
  ****************************************
 New value of alpha_s from PDF nn23lo1:  0.13000000000000000     
 Define smin to   100.00000000000000     
 Define smin to   100.00000000000000     
 *****************************************************
 *               MadGraph/MadEvent                   *
 *        --------------------------------           *
 *          http://madgraph.hep.uiuc.edu             *
 *          http://madgraph.phys.ucl.ac.be           *
 *          http://madgraph.roma2.infn.it            *
 *        --------------------------------           *
 *                                                   *
 *          PARAMETER AND COUPLING VALUES            *
 *                                                   *
 *****************************************************

  External Params
  ---------------------------------
  
 mdl_CBtWL4 =    0.0000000000000000     
 mdl_CBWL4 =    0.0000000000000000     
 mdl_CWWL4 =    0.0000000000000000     
 mdl_CBBL4 =    4.0000000000000000     
 aEWM1 =    127.90000000000001     
 mdl_Gf =    1.1663700000000000E-005
 aS =   0.11839999999999999     
 mdl_ymb =    4.7000000000000002     
 mdl_ymt =    172.00000000000000     
 mdl_ymtau =    1.7769999999999999     
 mdl_MZ =    91.187600000000003     
 mdl_MTA =    1.7769999999999999     
 mdl_MT =    172.00000000000000     
 mdl_MB =    4.7000000000000002     
 mdl_MH =    125.00000000000000     
 mdl_WZ =    2.4952000000000001     
 mdl_WW =    2.0850000000000000     
 mdl_WT =    1.5083359999999999     
 mdl_WH =    4.0699999999999998E-003
  Internal Params
  ---------------------------------
  
 mdl_MZ__exp__2 =    8315.1783937600012     
 mdl_MZ__exp__4 =    69142191.720053151     
 mdl_sqrt__2 =    1.4142135623730951     
 mdl_MH__exp__2 =    15625.000000000000     
 mdl_complexi =                (0.0000000000000000,1.0000000000000000)
 mdl_aEW =    7.8186082877247844E-003
 mdl_MW =    79.824359746197842     
 mdl_sqrt__aEW =    8.8422894590285753E-002
 mdl_ee =   0.31345100004952897     
 mdl_MW__exp__2 =    6371.9284088904105     
 mdl_sw2 =   0.23369913342182447     
 mdl_cw =   0.87538612427783857     
 mdl_sqrt__sw2 =   0.48342438232036300     
 mdl_sw =   0.48342438232036300     
 mdl_g1 =   0.35807170271074895     
 mdl_gw =   0.64839716719502682     
 mdl_vev =    246.22056907348590     
 mdl_vev__exp__2 =    60624.568634871241     
 mdl_lam =   0.12886689630821144     
 mdl_yb =    2.6995322804122722E-002
 mdl_yt =   0.98791394091683138     
 mdl_ytau =    1.0206529494239589E-002
 mdl_muH =    88.388347648318444     
 mdl_ee__exp__2 =    9.8251529432049817E-002
 mdl_sw__exp__2 =   0.23369913342182450     
 mdl_cw__exp__2 =   0.76630086657817542     
 mdl_cw__exp__3 =   0.67080914562461802     
 mdl_sw__exp__3 =   0.11297585922324961     
  Internal Params evaluated point by point
  ----------------------------------------
  
 mdl_sqrt__aS =   0.34409301068170506     
 mdl_G__exp__2 =    1.4878582807401259     
  Couplings of NTGC
  ---------------------------------
  
         GC_1 =  -0.00000E+00  -0.10448E+00
         GC_2 =   0.00000E+00   0.20897E+00
        GC_16 =   0.00000E+00   0.57700E-01
        GC_17 =  -0.00000E+00  -0.11540E+00
        GC_18 =   0.00000E+00   0.17310E+00
        GC_19 =  -0.00000E+00  -0.31265E+00
        GC_20 =   0.00000E+00   0.25495E+00
        GC_21 =   0.00000E+00  -0.19725E+00
        GC_39 =   0.00000E+00   0.00000E+00
        GC_40 =  -0.00000E+00   0.00000E+00
        GC_41 =  -0.00000E+00   0.00000E+00
        GC_48 =  -0.00000E+00   0.00000E+00
        GC_50 =   0.15202E-06   0.00000E+00
        GC_51 =  -0.13764E-06   0.00000E+00

 Collider parameters:
 --------------------

 Running at P P   machine @    13000.000000000000       GeV
 PDF set = nn23lo1
 alpha_s(Mz)= 0.1300 running at 2 loops.
 alpha_s(Mz)= 0.1300 running at 2 loops.
 Renormalization scale set on event-by-event basis
 Factorization   scale set on event-by-event basis


 getting user params
Enter number of events and max and min iterations: 
 Number of events and iterations         1000           5           3
Enter desired fractional accuracy: 
 Desired fractional accuracy:   0.10000000000000001     
Enter 0 for fixed, 2 for adjustable grid: 
Suppress amplitude (0 no, 1 yes)? 
 Using suppressed amplitude.
Exact helicity sum (0 yes, n = number/event)? 
 Explicitly summing over helicities
Enter Configuration Number: 
Running Configuration Number:    2
 Using dconfig=           7
 BW Setting            1           2           0
 Attempting mappinvarients           1           5
 Completed mapping           5
 about to integrate            7        1000           5           3           7           1
 Using non-zero grid deformation.
  7 dimensions   1000 events  7 invarients  5 iterations  1 config(s),  (0.99)
 Using h-tuple random number sequence.
 Error opening grid
 Using Uniform Grid!          20
 Using uniform alpha   1.0000000000000000     
 Grid defined OK
 Set CM energy to      13000.00
 Mapping Graph           2  to config           2
 Setting BW          -1           1   91.187600000000003     
Setting grid   2    0.17101E-04   1
 Transforming s_hat 1/s            6   2.4054950249467462E-005   100.00000000000000        168999999.99999997     
   2   1   2   3   4   5   6   7
 Masses: 0.000E+00 0.000E+00 0.000E+00 0.000E+00 0.000E+00
Using random seed offsets     2 :      1
  with seed                   24
 Ranmar initialization seeds       31060        9398
 
 ********************************************
 * You are using the DiscreteSampler module *
 *      part of the MG5_aMC framework       *
 *         Author: Valentin Hirschi         *
 ********************************************
 
  Particle       3       4       5
      Et >     0.0     0.0    10.0
       E >     0.0     0.0     0.0
     Eta <    -1.0    -1.0     2.5
   xqcut:      0.0     0.0     0.0
d R # 3  >    -0.0     0.0     0.0
d R # 4  >    -0.0    -0.0     0.0
s min # 3>     0.0     0.0     0.0
s min # 4>     0.0     0.0     0.0
xqcutij # 3>     0.0     0.0     0.0
xqcutij # 4>     0.0     0.0     0.0
 Requiring BW           -1           1
 Excluding BW           -2           2
 alpha_s for scale    244.89371540630287       is   0.11165750346676308     
 Added good helicity            1   1.0389970983974011       in event            1 local:           1
 Added good helicity            2   6.0912874289372168       in event            1 local:           1
 Added good helicity            7   7.1192415429194007       in event            1 local:           1
 Added good helicity            8   15.520165839102864       in event            1 local:           1
 Added good helicity           25   1.2883033897247513       in event            1 local:           1
 Added good helicity           26  0.59095650826773127       in event            1 local:           1
 Added good helicity           31  0.29989482672766232       in event            1 local:           1
 Added good helicity           32   5.1153365922973287E-002  in event            1 local:           1
 Added good helicity            1   1.0389970983974026       in event            1 local:           1
 Added good helicity            2   6.0912874289372123       in event            1 local:           1
 Added good helicity            7   7.1192415429194078       in event            1 local:           1
 Added good helicity            8   15.520165839102864       in event            1 local:           1
 Added good helicity           25   1.2883033897247516       in event            1 local:           1
 Added good helicity           26  0.59095650826773050       in event            1 local:           1
 Added good helicity           31  0.29989482672766266       in event            1 local:           1
 Added good helicity           32   5.1153365922973391E-002  in event            1 local:           1
 RESET CUMULATIVE VARIABLE
 RESET CUMULATIVE VARIABLE
 RESET CUMULATIVE VARIABLE
 Iteration  1   Mean: 0.2333E-02 Abs mean: 0.2333E-02   Fluctuation:  0.121E-02   0.101E+01    22.3%
  1    0.2333E-02 0.2333E-02 +- 0.1206E-02     16.35
 Writing out events   2.0911080225804889E-006   16.351971358921865     
 Relative summed weights:
  0.2214E-01  0.1965E+00  0.3125E+00  0.4689E+00
 Relative number of events:
  0.2836E+00  0.2757E+00  0.2421E+00  0.1986E+00
 Events:
         287         279         245         201
 Iteration  2   Mean: 0.1767E-02 Abs mean: 0.1767E-02   Fluctuation:  0.410E-03   0.596E+00    69.4%
  2    0.1767E-02 0.1767E-02 +- 0.4104E-03     10.39
 Relative summed weights:
  0.3704E+00  0.1861E+00  0.3691E+00  0.7447E-01
 Relative number of events:
  0.2840E+00  0.2920E+00  0.2115E+00  0.2125E+00
 Events:
         568         584         423         425
 Iteration  3   Mean: 0.2223E-02 Abs mean: 0.2223E-02   Fluctuation:  0.194E-03   0.563E+00    85.4%
  3    0.2223E-02 0.2223E-02 +- 0.1939E-03      5.52
 Relative summed weights:
  0.3486E+00  0.3528E+00  0.1664E+00  0.1322E+00
 Relative number of events:
  0.3240E+00  0.3050E+00  0.1888E+00  0.1822E+00
 Events:
        1296        1220         755         729
 Accuracy:    0.049   0.100   0.081   0.370
 Finished due to accuracy    4.9051267405430893E-002  0.10000000000000001     

 -------------------------------------------------------------------------------
 Accumulated results:   Integral =  0.2171E-02
                        Std dev  =  0.1751E-03
                       Cross sec =  0.2171E-02
             Chi**2 per DoF.     =      0.3699
 -------------------------------------------------------------------------------
 Found          362  events.
 Wrote           17  events.
 Actual xsec    2.1710688857413726E-003
 Correct abs xsec    2.1710688857413726E-003
 Event xsec    2.1710688857413721E-003
 Events wgts > 1:            0
 % Cross section > 1:    0.0000000000000000        0.0000000000000000     
-------------------------------------------------
---------------------------
 Results Last   3 iters: Integral =   0.2171E-02
                     Abs integral =   0.2171E-02
                          Std dev =   0.1751E-03
                  Chi**2 per DoF. =      0.5305
-------------------------------------------------
---------------------------
 Status  0.10000000000000001                4           5

ls status:
events.lhe
ftn26
input_app.txt
results.dat
run1_app.log
