This is pdfTeXk, Version 3.141592-1.40.3 (Web2C 7.5.6) (format=pdflatex 2018.2.15)  27 APR 2020 18:06
entering extended mode
 %&-line parsing enabled.
**main.tex
(./main.tex
LaTeX2e <2005/12/01>
Babel <v3.8h> and hyphenation patterns for english, usenglishmax, dumylang, noh
yphenation, arabic, basque, bulgarian, coptic, welsh, czech, slovak, german, ng
erman, danish, esperanto, spanish, catalan, galician, estonian, farsi, finnish,
 french, greek, monogreek, ancientgreek, croatian, hungarian, interlingua, ibyc
us, indonesian, icelandic, italian, latin, mongolian, dutch, norsk, polish, por
tuguese, pinyin, romanian, russian, slovenian, uppersorbian, serbian, swedish, 
turkish, ukenglish, ukrainian, loaded.
(/usr/share/texmf/tex/latex/base/article.cls
Document Class: article 2005/09/16 v1.4f Standard LaTeX document class
(/usr/share/texmf/tex/latex/base/size10.clo
File: size10.clo 2005/09/16 v1.4f Standard LaTeX file (size option)
)
\c@part=\count79
\c@section=\count80
\c@subsection=\count81
\c@subsubsection=\count82
\c@paragraph=\count83
\c@subparagraph=\count84
\c@figure=\count85
\c@table=\count86
\abovecaptionskip=\skip41
\belowcaptionskip=\skip42
\bibindent=\dimen102
) (./jheppub.sty
Package: jheppub 2012/06/08 r448

(/usr/share/texmf/tex/latex/amsmath/amsmath.sty
Package: amsmath 2000/07/18 v2.13 AMS math features
\@mathmargin=\skip43

For additional information on amsmath, use the `?' option.
(/usr/share/texmf/tex/latex/amsmath/amstext.sty
Package: amstext 2000/06/29 v2.01

(/usr/share/texmf/tex/latex/amsmath/amsgen.sty
File: amsgen.sty 1999/11/30 v2.0
\@emptytoks=\toks14
\ex@=\dimen103
))
(/usr/share/texmf/tex/latex/amsmath/amsbsy.sty
Package: amsbsy 1999/11/29 v1.2d
\pmbraise@=\dimen104
)
(/usr/share/texmf/tex/latex/amsmath/amsopn.sty
Package: amsopn 1999/12/14 v2.01 operator names
)
\inf@bad=\count87
LaTeX Info: Redefining \frac on input line 211.
\uproot@=\count88
\leftroot@=\count89
LaTeX Info: Redefining \overline on input line 307.
\classnum@=\count90
\DOTSCASE@=\count91
LaTeX Info: Redefining \ldots on input line 379.
LaTeX Info: Redefining \dots on input line 382.
LaTeX Info: Redefining \cdots on input line 467.
\Mathstrutbox@=\box26
\strutbox@=\box27
\big@size=\dimen105
LaTeX Font Info:    Redeclaring font encoding OML on input line 567.
LaTeX Font Info:    Redeclaring font encoding OMS on input line 568.
\macc@depth=\count92
\c@MaxMatrixCols=\count93
\dotsspace@=\muskip10
\c@parentequation=\count94
\dspbrk@lvl=\count95
\tag@help=\toks15
\row@=\count96
\column@=\count97
\maxfields@=\count98
\andhelp@=\toks16
\eqnshift@=\dimen106
\alignsep@=\dimen107
\tagshift@=\dimen108
\tagwidth@=\dimen109
\totwidth@=\dimen110
\lineht@=\dimen111
\@envbody=\toks17
\multlinegap=\skip44
\multlinetaggap=\skip45
\mathdisplay@stack=\toks18
LaTeX Info: Redefining \[ on input line 2666.
LaTeX Info: Redefining \] on input line 2667.
)
(/usr/share/texmf/tex/latex/amsfonts/amssymb.sty
Package: amssymb 2002/01/22 v2.2d

(/usr/share/texmf/tex/latex/amsfonts/amsfonts.sty
Package: amsfonts 2001/10/25 v2.2f
\symAMSa=\mathgroup4
\symAMSb=\mathgroup5
LaTeX Font Info:    Overwriting math alphabet `\mathfrak' in version `bold'
(Font)                  U/euf/m/n --> U/euf/b/n on input line 132.
))
(/usr/share/texmf/tex/latex/graphics/epsfig.sty
Package: epsfig 1999/02/16 v1.7a (e)psfig emulation (SPQR)

(/usr/share/texmf/tex/latex/graphics/graphicx.sty
Package: graphicx 1999/02/16 v1.0f Enhanced LaTeX Graphics (DPC,SPQR)

(/usr/share/texmf/tex/latex/graphics/keyval.sty
Package: keyval 1999/03/16 v1.13 key=value parser (DPC)
\KV@toks@=\toks19
)
(/usr/share/texmf/tex/latex/graphics/graphics.sty
Package: graphics 2006/02/20 v1.0o Standard LaTeX Graphics (DPC,SPQR)

(/usr/share/texmf/tex/latex/graphics/trig.sty
Package: trig 1999/03/16 v1.09 sin cos tan (DPC)
)
(/usr/share/texmf/tex/latex/config/graphics.cfg
File: graphics.cfg 2007/01/18 v1.5 graphics configuration of teTeX/TeXLive
)
Package graphics Info: Driver file: pdftex.def on input line 90.

(/usr/share/texmf/tex/latex/pdftex-def/pdftex.def
File: pdftex.def 2007/01/08 v0.04d Graphics/color for pdfTeX
\Gread@gobject=\count99
))
\Gin@req@height=\dimen112
\Gin@req@width=\dimen113
)
\epsfxsize=\dimen114
\epsfysize=\dimen115
)
(/usr/share/texmf/tex/latex/natbib/natbib.sty
Package: natbib 2007/02/05 8.0 (PWD)
\bibhang=\skip46
\bibsep=\skip47
LaTeX Info: Redefining \cite on input line 602.
\c@NAT@ctr=\count100
)
(/usr/share/texmf/tex/latex/graphics/color.sty
Package: color 2005/11/14 v1.0j Standard LaTeX Color (DPC)

(/cvmfs/cms.cern.ch/slc6_amd64_gcc700/external/rivet/2.5.4-gnimlf6/share/Rivet/
texmf/tex/latex/config/color.cfg
File: color.cfg 2007/01/18 v1.5 color configuration of teTeX/TeXLive
)
Package color Info: Driver file: pdftex.def on input line 130.
)
(/usr/share/texmf/tex/latex/hyperref/hyperref.sty
Package: hyperref 2007/02/07 v6.75r Hypertext links for LaTeX
\@linkdim=\dimen116
\Hy@linkcounter=\count101
\Hy@pagecounter=\count102

(/usr/share/texmf/tex/latex/hyperref/pd1enc.def
File: pd1enc.def 2007/02/07 v6.75r Hyperref: PDFDocEncoding definition (HO)
)
(/usr/share/texmf/tex/latex/config/hyperref.cfg
File: hyperref.cfg 2002/06/06 v1.2 hyperref configuration of TeXLive
)
(/usr/share/texmf/tex/latex/oberdiek/kvoptions.sty
Package: kvoptions 2006/08/22 v2.4 Connects package keyval with LaTeX options (
HO)
)
Package hyperref Info: Option `colorlinks' set `true' on input line 2238.
Package hyperref Info: Option `linktocpage' set `true' on input line 2238.
Package hyperref Info: Hyper figures OFF on input line 2288.
Package hyperref Info: Link nesting OFF on input line 2293.
Package hyperref Info: Hyper index ON on input line 2296.
Package hyperref Info: Plain pages OFF on input line 2303.
Package hyperref Info: Backreferencing OFF on input line 2308.

Implicit mode ON; LaTeX internals redefined
Package hyperref Info: Bookmarks ON on input line 2444.
(/usr/share/texmf/tex/latex/ltxmisc/url.sty
\Urlmuskip=\muskip11
Package: url 2005/06/27  ver 3.2  Verb mode for urls, etc.
)
LaTeX Info: Redefining \url on input line 2599.
\Fld@menulength=\count103
\Field@Width=\dimen117
\Fld@charsize=\dimen118
\Choice@toks=\toks20
\Field@toks=\toks21
Package hyperref Info: Hyper figures OFF on input line 3102.
Package hyperref Info: Link nesting OFF on input line 3107.
Package hyperref Info: Hyper index ON on input line 3110.
Package hyperref Info: backreferencing OFF on input line 3117.
Package hyperref Info: Link coloring ON on input line 3120.
\Hy@abspage=\count104
\c@Item=\count105
\c@Hfootnote=\count106
)
*hyperref using default driver hpdftex*
(/usr/share/texmf/tex/latex/hyperref/hpdftex.def
File: hpdftex.def 2007/02/07 v6.75r Hyperref driver for pdfTeX
\Fld@listcount=\count107
)
\auth@toks=\toks22
\affil@toks=\toks23
\email@toks=\toks24
\c@email@counter=\count108
\affiliationsSep=\skip48
LaTeX Font Info:    Try loading font information for OT1+phv on input line 140.


(/usr/share/texmf/tex/latex/psnfss/ot1phv.fd
File: ot1phv.fd 2001/06/04 scalable font definitions for OT1/phv.
))
(/usr/share/texmf/tex/latex/base/fontenc.sty
Package: fontenc 2005/09/27 v1.99g Standard LaTeX package

(/usr/share/texmf/tex/latex/base/t1enc.def
File: t1enc.def 2005/09/27 v1.99g Standard LaTeX file
LaTeX Font Info:    Redeclaring font encoding T1 on input line 43.
))
(/usr/share/texmf/tex/latex/colortbl/colortbl.sty
Package: colortbl 2001/02/13 v0.1j Color table columns (DPC)

(/usr/share/texmf/tex/latex/tools/array.sty
Package: array 2005/08/23 v2.4b Tabular extension package (FMi)
\col@sep=\dimen119
\extrarowheight=\dimen120
\NC@list=\toks25
\extratabsurround=\skip49
\backup@length=\skip50
)
\everycr=\toks26
\minrowclearance=\skip51
)
(/cvmfs/cms.cern.ch/slc6_amd64_gcc700/external/rivet/2.5.4-gnimlf6/share/Rivet/
texmf/tex/latex/xcolor/xcolor.sty
Package: xcolor 2007/01/21 v2.11 LaTeX color extensions (UK)

(/cvmfs/cms.cern.ch/slc6_amd64_gcc700/external/rivet/2.5.4-gnimlf6/share/Rivet/
texmf/tex/latex/config/color.cfg
File: color.cfg 2007/01/18 v1.5 color configuration of teTeX/TeXLive
)
Package xcolor Info: Driver file: pdftex.def on input line 225.
LaTeX Info: Redefining \color on input line 702.
Package xcolor Info: Model `cmy' substituted by `cmy0' on input line 1337.
Package xcolor Info: Model `hsb' substituted by `rgb' on input line 1341.
Package xcolor Info: Model `RGB' extended on input line 1353.
Package xcolor Info: Model `HTML' substituted by `rgb' on input line 1355.
Package xcolor Info: Model `Hsb' substituted by `hsb' on input line 1356.
Package xcolor Info: Model `tHsb' substituted by `hsb' on input line 1357.
Package xcolor Info: Model `HSB' substituted by `hsb' on input line 1358.
Package xcolor Info: Model `Gray' substituted by `gray' on input line 1359.
Package xcolor Info: Model `wave' substituted by `hsb' on input line 1360.
) (/usr/share/texmf/tex/latex/float/float.sty
Package: float 2001/11/08 v1.3d Float enhancements (AL)
\c@float@type=\count109
\float@exts=\toks27
\float@box=\box28
\@float@everytoks=\toks28
\@floatcapt=\box29
) (./main.aux)
\openout1 = `main.aux'.

LaTeX Font Info:    Checking defaults for OML/cmm/m/it on input line 37.
LaTeX Font Info:    ... okay on input line 37.
LaTeX Font Info:    Checking defaults for T1/cmr/m/n on input line 37.
LaTeX Font Info:    ... okay on input line 37.
LaTeX Font Info:    Checking defaults for OT1/cmr/m/n on input line 37.
LaTeX Font Info:    ... okay on input line 37.
LaTeX Font Info:    Checking defaults for OMS/cmsy/m/n on input line 37.
LaTeX Font Info:    ... okay on input line 37.
LaTeX Font Info:    Checking defaults for OMX/cmex/m/n on input line 37.
LaTeX Font Info:    ... okay on input line 37.
LaTeX Font Info:    Checking defaults for U/cmr/m/n on input line 37.
LaTeX Font Info:    ... okay on input line 37.
LaTeX Font Info:    Checking defaults for PD1/pdf/m/n on input line 37.
LaTeX Font Info:    ... okay on input line 37.
Package hyperref Info: Link coloring ON on input line 37.
 (/usr/share/texmf/tex/latex/hyperref/nameref.sty
Package: nameref 2006/12/27 v2.28 Cross-referencing by name of section

(/usr/share/texmf/tex/latex/oberdiek/refcount.sty
Package: refcount 2006/02/20 v3.0 Data extraction from references (HO)
)
\c@section@level=\count110
)
LaTeX Info: Redefining \ref on input line 37.
LaTeX Info: Redefining \pageref on input line 37.
 (./main.out) (./main.out)
\@outlinefile=\write3
\openout3 = `main.out'.

LaTeX Font Info:    Try loading font information for T1+cmss on input line 38.

(/usr/share/texmf/tex/latex/base/t1cmss.fd
File: t1cmss.fd 1999/05/25 v2.5h Standard LaTeX font definitions
)
<logo.png, id=119, 325.215pt x 92.59593pt>
File: logo.png Graphic file (type png)
 <use logo.png>

Package JHEP Warning: E-mails are missing.
(JHEP)                Plese use \emailAdd macro to provide e-mails..

LaTeX Font Info:    Try loading font information for U+msa on input line 38.
(/usr/share/texmf/tex/latex/amsfonts/umsa.fd
File: umsa.fd 2002/01/19 v2.2g AMS font definitions
)
LaTeX Font Info:    Try loading font information for U+msb on input line 38.

(/usr/share/texmf/tex/latex/amsfonts/umsb.fd
File: umsb.fd 2002/01/19 v2.2g AMS font definitions
)
Underfull \hbox (badness 10000) in paragraph at lines 38--38

 []


Underfull \hbox (badness 10000) in paragraph at lines 38--38

 []


Underfull \hbox (badness 10000) in paragraph at lines 38--38

 []


Underfull \hbox (badness 10000) in paragraph at lines 38--38

 []

[0

{/usr/share/texmf/fonts/map/pdftex/updmap/pdftex.map} <./logo.png (PNG copy)>] 
(./main.toc)
\tf@toc=\write4
\openout4 = `main.toc'.

 [1]
LaTeX Font Info:    Try loading font information for T1+cmtt on input line 50.
 (/usr/share/texmf/tex/latex/base/t1cmtt.fd
File: t1cmtt.fd 1999/05/25 v2.5h Standard LaTeX font definitions
)
Overfull \hbox (73.67056pt too wide) in paragraph at lines 50--103
\T1/cmtt/m/n/10 ma5>import /-uscms/-home/-corderom/-nobackup/-Theory/-CMSSW_10_
2_13/-src/-SMP_MG5aMC/-submitter_MG5_aMC/-
 []


Overfull \hbox (73.67056pt too wide) in paragraph at lines 50--103
\T1/cmtt/m/n/10 ma5>import /-uscms/-home/-corderom/-nobackup/-Theory/-CMSSW_10_
2_13/-src/-SMP_MG5aMC/-submitter_MG5_aMC/-
 []


Overfull \hbox (52.67569pt too wide) in paragraph at lines 50--103
\T1/cmtt/m/n/10 output/-results/-ntgc_llg_CBBL4_20/-Events/-run_01/-unweighted_
events.lhe.gz as unweighted_events 
 []


Overfull \hbox (73.67056pt too wide) in paragraph at lines 50--103
\T1/cmtt/m/n/10 ma5>submit /-uscms/-home/-corderom/-nobackup/-Theory/-CMSSW_10_
2_13/-src/-SMP_MG5aMC/-submitter_MG5_aMC/-
 []


Underfull \hbox (badness 10000) in paragraph at lines 50--103

 []

LaTeX Font Info:    Try loading font information for OMS+cmr on input line 106.

(/usr/share/texmf/tex/latex/base/omscmr.fd
File: omscmr.fd 1999/05/25 v2.5h Standard LaTeX font definitions
)
LaTeX Font Info:    Font shape `OMS/cmr/m/n' in size <10> not available
(Font)              Font shape `OMS/cmsy/m/n' tried instead on input line 106.
 [2]
Underfull \hbox (badness 10000) in paragraph at lines 132--132
[]|\T1/cmr/m/n/10 /-uscms/-home/-corderom/-
 []


Underfull \hbox (badness 10000) in paragraph at lines 132--132
\T1/cmr/m/n/10 nobackup/-Theory/-
 []


Underfull \hbox (badness 10000) in paragraph at lines 132--132
\T1/cmr/m/n/10 CMSSW_10_2_13/-
 []


Underfull \hbox (badness 10000) in paragraph at lines 132--132
\T1/cmr/m/n/10 src/-SMP_MG5aMC/-
 []


Underfull \hbox (badness 10000) in paragraph at lines 132--132
\T1/cmr/m/n/10 submitter_MG5_aMC/-output/-
 []


Underfull \hbox (badness 10000) in paragraph at lines 132--132
\T1/cmr/m/n/10 results/-ntgc_llg_CBBL4_20/-
 []


Underfull \hbox (badness 10000) in paragraph at lines 132--132
\T1/cmr/m/n/10 Events/-run_01/-
 []


Overfull \hbox (18.13213pt too wide) in paragraph at lines 128--135
 [] 
 []

[3]
Overfull \hbox (18.48262pt too wide) in paragraph at lines 153--153
[]|\T1/cmr/m/n/10 unweighted_events| 
 []


Overfull \hbox (55.33208pt too wide) in paragraph at lines 149--156
 [] 
 []


Underfull \hbox (badness 10000) in paragraph at lines 146--157

 []

<selection_0.png, id=177, 698.61pt x 473.77pt>
File: selection_0.png Graphic file (type png)
 <use selection_0.png> [4pdfTeX warning (ext4): destination with the same ident
ifier (name{figure.1}) has been already used, duplicate ignored
<to be read again> 
                   \endgroup \set@typeset@protect 
l.165       \newpage
                     <./selection_0.png (PNG copy)>]
Overfull \hbox (18.48262pt too wide) in paragraph at lines 175--175
[]|\T1/cmr/m/n/10 unweighted_events| 
 []


Overfull \hbox (55.33208pt too wide) in paragraph at lines 171--178
 [] 
 []


Underfull \hbox (badness 10000) in paragraph at lines 168--179

 []

<selection_1.png, id=185, 698.61pt x 473.77pt>
File: selection_1.png Graphic file (type png)
 <use selection_1.png> [5pdfTeX warning (ext4): destination with the same ident
ifier (name{figure.2}) has been already used, duplicate ignored
<to be read again> 
                   \endgroup \set@typeset@protect 
l.187       \newpage
                     <./selection_1.png (PNG copy)>]
Overfull \hbox (18.48262pt too wide) in paragraph at lines 197--197
[]|\T1/cmr/m/n/10 unweighted_events| 
 []


Overfull \hbox (55.33208pt too wide) in paragraph at lines 193--200
 [] 
 []


Underfull \hbox (badness 10000) in paragraph at lines 190--201

 []

<selection_2.png, id=191, 698.61pt x 473.77pt>
File: selection_2.png Graphic file (type png)
 <use selection_2.png> [6pdfTeX warning (ext4): destination with the same ident
ifier (name{figure.3}) has been already used, duplicate ignored
<to be read again> 
                   \endgroup \set@typeset@protect 
l.209       \newpage
                     <./selection_2.png (PNG copy)>]
Overfull \hbox (18.48262pt too wide) in paragraph at lines 219--219
[]|\T1/cmr/m/n/10 unweighted_events| 
 []


Overfull \hbox (55.33208pt too wide) in paragraph at lines 215--222
 [] 
 []


Underfull \hbox (badness 10000) in paragraph at lines 212--223

 []

<selection_3.png, id=198, 698.61pt x 473.77pt>
File: selection_3.png Graphic file (type png)
 <use selection_3.png> [7pdfTeX warning (ext4): destination with the same ident
ifier (name{figure.4}) has been already used, duplicate ignored
<to be read again> 
                   \endgroup \set@typeset@protect 
l.231       \newpage
                     <./selection_3.png (PNG copy)>]
Overfull \hbox (18.48262pt too wide) in paragraph at lines 241--241
[]|\T1/cmr/m/n/10 unweighted_events| 
 []


Overfull \hbox (55.33208pt too wide) in paragraph at lines 237--244
 [] 
 []


Underfull \hbox (badness 10000) in paragraph at lines 234--245

 []

<selection_4.png, id=204, 698.61pt x 473.77pt>
File: selection_4.png Graphic file (type png)
 <use selection_4.png> [8pdfTeX warning (ext4): destination with the same ident
ifier (name{figure.5}) has been already used, duplicate ignored
<to be read again> 
                   \endgroup \set@typeset@protect 
l.253       \newpage
                     <./selection_4.png (PNG copy)>]
Overfull \hbox (18.48262pt too wide) in paragraph at lines 263--263
[]|\T1/cmr/m/n/10 unweighted_events| 
 []


Overfull \hbox (55.33208pt too wide) in paragraph at lines 259--266
 [] 
 []


Underfull \hbox (badness 10000) in paragraph at lines 256--267

 []

<selection_5.png, id=210, 698.61pt x 473.77pt>
File: selection_5.png Graphic file (type png)
 <use selection_5.png> [9pdfTeX warning (ext4): destination with the same ident
ifier (name{figure.6}) has been already used, duplicate ignored
<to be read again> 
                   \endgroup \set@typeset@protect 
l.275       \newpage
                     <./selection_5.png (PNG copy)>]
Overfull \hbox (18.48262pt too wide) in paragraph at lines 285--285
[]|\T1/cmr/m/n/10 unweighted_events| 
 []


Underfull \hbox (badness 10000) in paragraph at lines 285--285
[]|\T1/cmr/m/n/10 -
 []


Overfull \hbox (55.33208pt too wide) in paragraph at lines 281--288
 [] 
 []


Underfull \hbox (badness 10000) in paragraph at lines 278--289

 []

<selection_6.png, id=216, 698.61pt x 473.77pt>
File: selection_6.png Graphic file (type png)
 <use selection_6.png> [10pdfTeX warning (ext4): destination with the same iden
tifier (name{figure.7}) has been already used, duplicate ignored
<to be read again> 
                   \endgroup \set@typeset@protect 
l.297       \newpage
                     <./selection_6.png (PNG copy)>]
Overfull \hbox (18.48262pt too wide) in paragraph at lines 307--307
[]|\T1/cmr/m/n/10 unweighted_events| 
 []


Overfull \hbox (55.33208pt too wide) in paragraph at lines 303--310
 [] 
 []


Underfull \hbox (badness 10000) in paragraph at lines 300--311

 []

<selection_7.png, id=222, 698.61pt x 473.77pt>
File: selection_7.png Graphic file (type png)
 <use selection_7.png> [11pdfTeX warning (ext4): destination with the same iden
tifier (name{figure.8}) has been already used, duplicate ignored
<to be read again> 
                   \endgroup \set@typeset@protect 
l.319       \newpage
                     <./selection_7.png (PNG copy)>]
Overfull \hbox (18.48262pt too wide) in paragraph at lines 329--329
[]|\T1/cmr/m/n/10 unweighted_events| 
 []


Overfull \hbox (55.33208pt too wide) in paragraph at lines 325--332
 [] 
 []


Underfull \hbox (badness 10000) in paragraph at lines 322--333

 []

<selection_8.png, id=228, 698.61pt x 473.77pt>
File: selection_8.png Graphic file (type png)
 <use selection_8.png> [12pdfTeX warning (ext4): destination with the same iden
tifier (name{figure.9}) has been already used, duplicate ignored
<to be read again> 
                   \endgroup \set@typeset@protect 
l.341       \newpage
                     <./selection_8.png (PNG copy)>]
Overfull \hbox (18.48262pt too wide) in paragraph at lines 351--351
[]|\T1/cmr/m/n/10 unweighted_events| 
 []


Overfull \hbox (55.33208pt too wide) in paragraph at lines 347--354
 [] 
 []


Underfull \hbox (badness 10000) in paragraph at lines 344--355

 []

<selection_9.png, id=235, 698.61pt x 473.77pt>
File: selection_9.png Graphic file (type png)
 <use selection_9.png> [13pdfTeX warning (ext4): destination with the same iden
tifier (name{figure.10}) has been already used, duplicate ignored
<to be read again> 
                   \endgroup \set@typeset@protect 
l.363       \newpage
                     <./selection_9.png (PNG copy)>]
Overfull \hbox (18.48262pt too wide) in paragraph at lines 373--373
[]|\T1/cmr/m/n/10 unweighted_events| 
 []


Underfull \hbox (badness 10000) in paragraph at lines 373--373
[]|\T1/cmr/m/n/10 -
 []


Overfull \hbox (55.33208pt too wide) in paragraph at lines 369--376
 [] 
 []


Underfull \hbox (badness 10000) in paragraph at lines 366--377

 []

<selection_10.png, id=241, 698.61pt x 473.77pt>
File: selection_10.png Graphic file (type png)
 <use selection_10.png> [14pdfTeX warning (ext4): destination with the same ide
ntifier (name{figure.11}) has been already used, duplicate ignored
<to be read again> 
                   \endgroup \set@typeset@protect 
l.385       \newpage
                     <./selection_10.png (PNG copy)>]
Overfull \hbox (18.48262pt too wide) in paragraph at lines 395--395
[]|\T1/cmr/m/n/10 unweighted_events| 
 []


Overfull \hbox (55.33208pt too wide) in paragraph at lines 391--398
 [] 
 []


Underfull \hbox (badness 10000) in paragraph at lines 388--399

 []

<selection_11.png, id=247, 698.61pt x 473.77pt>
File: selection_11.png Graphic file (type png)
 <use selection_11.png> [15pdfTeX warning (ext4): destination with the same ide
ntifier (name{figure.12}) has been already used, duplicate ignored
<to be read again> 
                   \endgroup \set@typeset@protect 
l.407       \newpage
                     <./selection_11.png (PNG copy)>]
Overfull \hbox (18.48262pt too wide) in paragraph at lines 417--417
[]|\T1/cmr/m/n/10 unweighted_events| 
 []


Overfull \hbox (55.33208pt too wide) in paragraph at lines 413--420
 [] 
 []


Underfull \hbox (badness 10000) in paragraph at lines 410--421

 []

<selection_12.png, id=253, 698.61pt x 473.77pt>
File: selection_12.png Graphic file (type png)
 <use selection_12.png> [16pdfTeX warning (ext4): destination with the same ide
ntifier (name{figure.13}) has been already used, duplicate ignored
<to be read again> 
                   \endgroup \set@typeset@protect 
l.429       \newpage
                     <./selection_12.png (PNG copy)>]
Overfull \hbox (18.48262pt too wide) in paragraph at lines 439--439
[]|\T1/cmr/m/n/10 unweighted_events| 
 []


Overfull \hbox (55.33208pt too wide) in paragraph at lines 435--442
 [] 
 []


Underfull \hbox (badness 10000) in paragraph at lines 432--443

 []

<selection_13.png, id=259, 698.61pt x 473.77pt>
File: selection_13.png Graphic file (type png)
 <use selection_13.png> [17pdfTeX warning (ext4): destination with the same ide
ntifier (name{figure.14}) has been already used, duplicate ignored
<to be read again> 
                   \endgroup \set@typeset@protect 
l.451       \newpage
                     <./selection_13.png (PNG copy)>]
Overfull \hbox (18.48262pt too wide) in paragraph at lines 461--461
[]|\T1/cmr/m/n/10 unweighted_events| 
 []


Overfull \hbox (55.33208pt too wide) in paragraph at lines 457--464
 [] 
 []


Underfull \hbox (badness 10000) in paragraph at lines 454--465

 []

<selection_14.png, id=265, 698.61pt x 473.77pt>
File: selection_14.png Graphic file (type png)
 <use selection_14.png> [18pdfTeX warning (ext4): destination with the same ide
ntifier (name{figure.15}) has been already used, duplicate ignored
<to be read again> 
                   \endgroup \set@typeset@protect 
l.473       \newpage
                     <./selection_14.png (PNG copy)>]
Overfull \hbox (18.48262pt too wide) in paragraph at lines 483--483
[]|\T1/cmr/m/n/10 unweighted_events| 
 []


Overfull \hbox (55.33208pt too wide) in paragraph at lines 479--486
 [] 
 []


Underfull \hbox (badness 10000) in paragraph at lines 476--487

 []

<selection_15.png, id=272, 698.61pt x 473.77pt>
File: selection_15.png Graphic file (type png)
 <use selection_15.png> [19pdfTeX warning (ext4): destination with the same ide
ntifier (name{figure.16}) has been already used, duplicate ignored
<to be read again> 
                   \endgroup \set@typeset@protect 
l.495       \newpage
                     <./selection_15.png (PNG copy)>]
Overfull \hbox (18.48262pt too wide) in paragraph at lines 505--505
[]|\T1/cmr/m/n/10 unweighted_events| 
 []


Overfull \hbox (55.33208pt too wide) in paragraph at lines 501--508
 [] 
 []


Underfull \hbox (badness 10000) in paragraph at lines 498--509

 []

<selection_16.png, id=278, 698.61pt x 473.77pt>
File: selection_16.png Graphic file (type png)
 <use selection_16.png> [20pdfTeX warning (ext4): destination with the same ide
ntifier (name{figure.17}) has been already used, duplicate ignored
<to be read again> 
                   \endgroup \set@typeset@protect 
l.517       \newpage
                     <./selection_16.png (PNG copy)>]
Overfull \hbox (18.48262pt too wide) in paragraph at lines 527--527
[]|\T1/cmr/m/n/10 unweighted_events| 
 []


Overfull \hbox (55.33208pt too wide) in paragraph at lines 523--530
 [] 
 []


Underfull \hbox (badness 10000) in paragraph at lines 520--531

 []

<selection_17.png, id=284, 698.61pt x 473.77pt>
File: selection_17.png Graphic file (type png)
 <use selection_17.png> [21pdfTeX warning (ext4): destination with the same ide
ntifier (name{figure.18}) has been already used, duplicate ignored
<to be read again> 
                   \endgroup \set@typeset@protect 
l.539       \newpage
                     <./selection_17.png (PNG copy)>]
Overfull \hbox (18.48262pt too wide) in paragraph at lines 549--549
[]|\T1/cmr/m/n/10 unweighted_events| 
 []


Overfull \hbox (55.33208pt too wide) in paragraph at lines 545--552
 [] 
 []


Underfull \hbox (badness 10000) in paragraph at lines 542--553

 []

<selection_18.png, id=290, 698.61pt x 473.77pt>
File: selection_18.png Graphic file (type png)
 <use selection_18.png> [22pdfTeX warning (ext4): destination with the same ide
ntifier (name{figure.19}) has been already used, duplicate ignored
<to be read again> 
                   \endgroup \set@typeset@protect 
l.561       \newpage
                     <./selection_18.png (PNG copy)>]
Overfull \hbox (18.48262pt too wide) in paragraph at lines 571--571
[]|\T1/cmr/m/n/10 unweighted_events| 
 []


Overfull \hbox (55.33208pt too wide) in paragraph at lines 567--574
 [] 
 []


Underfull \hbox (badness 10000) in paragraph at lines 564--575

 []

<selection_19.png, id=296, 698.61pt x 473.77pt>
File: selection_19.png Graphic file (type png)
 <use selection_19.png> [23pdfTeX warning (ext4): destination with the same ide
ntifier (name{figure.20}) has been already used, duplicate ignored
<to be read again> 
                   \endgroup \set@typeset@protect 
l.583       \newpage
                     <./selection_19.png (PNG copy)>]
Overfull \hbox (18.48262pt too wide) in paragraph at lines 593--593
[]|\T1/cmr/m/n/10 unweighted_events| 
 []


Overfull \hbox (55.33208pt too wide) in paragraph at lines 589--596
 [] 
 []


Underfull \hbox (badness 10000) in paragraph at lines 586--597

 []

<selection_20.png, id=302, 698.61pt x 473.77pt>
File: selection_20.png Graphic file (type png)
 <use selection_20.png> [24pdfTeX warning (ext4): destination with the same ide
ntifier (name{figure.21}) has been already used, duplicate ignored
<to be read again> 
                   \endgroup \set@typeset@protect 
l.605       \newpage
                     <./selection_20.png (PNG copy)>]
Overfull \hbox (18.48262pt too wide) in paragraph at lines 615--615
[]|\T1/cmr/m/n/10 unweighted_events| 
 []


Overfull \hbox (55.33208pt too wide) in paragraph at lines 611--618
 [] 
 []


Underfull \hbox (badness 10000) in paragraph at lines 608--619

 []

<selection_21.png, id=309, 698.61pt x 473.77pt>
File: selection_21.png Graphic file (type png)
 <use selection_21.png> [25pdfTeX warning (ext4): destination with the same ide
ntifier (name{figure.22}) has been already used, duplicate ignored
<to be read again> 
                   \endgroup \set@typeset@protect 
l.627       \end{document}
                           <./selection_21.png (PNG copy)>] (./main.aux) ) 
Here is how much of TeX's memory you used:
 4839 strings out of 256214
 62468 string characters out of 1917000
 125722 words of memory out of 1500000
 7950 multiletter control sequences out of 10000+200000
 16009 words of font info for 37 fonts, out of 1200000 for 2000
 645 hyphenation exceptions out of 8191
 39i,13n,36p,372b,341s stack positions out of 5000i,500n,6000p,200000b,15000s
 </us
cms/home/corderom/.texlive2007/texmf-var/fonts/pk/ljfour/jknappen/ec/ecrm0900.6
00pk> </uscms/home/corderom/.texlive2007/texmf-var/fonts/pk/ljfour/jknappen/ec/
ecbx0900.600pk> </uscms/home/corderom/.texlive2007/texmf-var/fonts/pk/ljfour/jk
nappen/ec/ectt1000.600pk> </uscms/home/corderom/.texlive2007/texmf-var/fonts/pk
/ljfour/jknappen/ec/ecbx1200.600pk> </uscms/home/corderom/.texlive2007/texmf-va
r/fonts/pk/ljfour/jknappen/ec/ecti1000.600pk> </uscms/home/corderom/.texlive200
7/texmf-var/fonts/pk/ljfour/jknappen/ec/ecbx1000.600pk> </uscms/home/corderom/.
texlive2007/texmf-var/fonts/pk/ljfour/jknappen/ec/eccc1000.600pk> </uscms/home/
corderom/.texlive2007/texmf-var/fonts/pk/ljfour/jknappen/ec/ecrm1000.600pk> </u
scms/home/corderom/.texlive2007/texmf-var/fonts/pk/ljfour/jknappen/ec/ecsx1000.
600pk> </uscms/home/corderom/.texlive2007/texmf-var/fonts/pk/ljfour/jknappen/ec
/ecsx1728.600pk></usr/share/texmf/fonts/type1/bluesky/cm/cmr7.pfb></usr/share/t
exmf/fonts/type1/bluesky/cm/cmsy10.pfb></usr/share/texmf/fonts/type1/bluesky/cm
/cmsy7.pfb>
Output written on main.pdf (26 pages, 369277 bytes).
PDF statistics:
 671 PDF objects out of 1000 (max. 8388607)
 78 named destinations out of 1000 (max. 131072)
 356 words of extra memory for PDF output out of 10000 (max. 10000000)

