 Process in group number            1
 A PDF is used, so alpha_s(MZ) is going to be modified
 Old value of alpha_s from param_card:   0.11839999999999999     
  ****************************************
 
       NNPDFDriver version 1.0.3
   Grid: NNPDF23_lo_as_0130_qed_mem0.grid
  ****************************************
 New value of alpha_s from PDF nn23lo1:  0.13000000000000000     
 Define smin to   100.00000000000000     
 Define smin to   100.00000000000000     
 *****************************************************
 *               MadGraph/MadEvent                   *
 *        --------------------------------           *
 *          http://madgraph.hep.uiuc.edu             *
 *          http://madgraph.phys.ucl.ac.be           *
 *          http://madgraph.roma2.infn.it            *
 *        --------------------------------           *
 *                                                   *
 *          PARAMETER AND COUPLING VALUES            *
 *                                                   *
 *****************************************************

  External Params
  ---------------------------------
  
 mdl_CBtWL4 =    0.0000000000000000     
 mdl_CBWL4 =    0.0000000000000000     
 mdl_CWWL4 =    0.0000000000000000     
 mdl_CBBL4 =    4.0000000000000000     
 aEWM1 =    127.90000000000001     
 mdl_Gf =    1.1663700000000000E-005
 aS =   0.11839999999999999     
 mdl_ymb =    4.7000000000000002     
 mdl_ymt =    172.00000000000000     
 mdl_ymtau =    1.7769999999999999     
 mdl_MZ =    91.187600000000003     
 mdl_MTA =    1.7769999999999999     
 mdl_MT =    172.00000000000000     
 mdl_MB =    4.7000000000000002     
 mdl_MH =    125.00000000000000     
 mdl_WZ =    2.4952000000000001     
 mdl_WW =    2.0850000000000000     
 mdl_WT =    1.5083359999999999     
 mdl_WH =    4.0699999999999998E-003
  Internal Params
  ---------------------------------
  
 mdl_MZ__exp__2 =    8315.1783937600012     
 mdl_MZ__exp__4 =    69142191.720053151     
 mdl_sqrt__2 =    1.4142135623730951     
 mdl_MH__exp__2 =    15625.000000000000     
 mdl_complexi =                (0.0000000000000000,1.0000000000000000)
 mdl_aEW =    7.8186082877247844E-003
 mdl_MW =    79.824359746197842     
 mdl_sqrt__aEW =    8.8422894590285753E-002
 mdl_ee =   0.31345100004952897     
 mdl_MW__exp__2 =    6371.9284088904105     
 mdl_sw2 =   0.23369913342182447     
 mdl_cw =   0.87538612427783857     
 mdl_sqrt__sw2 =   0.48342438232036300     
 mdl_sw =   0.48342438232036300     
 mdl_g1 =   0.35807170271074895     
 mdl_gw =   0.64839716719502682     
 mdl_vev =    246.22056907348590     
 mdl_vev__exp__2 =    60624.568634871241     
 mdl_lam =   0.12886689630821144     
 mdl_yb =    2.6995322804122722E-002
 mdl_yt =   0.98791394091683138     
 mdl_ytau =    1.0206529494239589E-002
 mdl_muH =    88.388347648318444     
 mdl_ee__exp__2 =    9.8251529432049817E-002
 mdl_sw__exp__2 =   0.23369913342182450     
 mdl_cw__exp__2 =   0.76630086657817542     
 mdl_cw__exp__3 =   0.67080914562461802     
 mdl_sw__exp__3 =   0.11297585922324961     
  Internal Params evaluated point by point
  ----------------------------------------
  
 mdl_sqrt__aS =   0.34409301068170506     
 mdl_G__exp__2 =    1.4878582807401259     
  Couplings of NTGC
  ---------------------------------
  
         GC_1 =  -0.00000E+00  -0.10448E+00
         GC_2 =   0.00000E+00   0.20897E+00
        GC_16 =   0.00000E+00   0.57700E-01
        GC_17 =  -0.00000E+00  -0.11540E+00
        GC_18 =   0.00000E+00   0.17310E+00
        GC_19 =  -0.00000E+00  -0.31265E+00
        GC_20 =   0.00000E+00   0.25495E+00
        GC_21 =   0.00000E+00  -0.19725E+00
        GC_39 =   0.00000E+00   0.00000E+00
        GC_40 =  -0.00000E+00   0.00000E+00
        GC_41 =  -0.00000E+00   0.00000E+00
        GC_48 =  -0.00000E+00   0.00000E+00
        GC_50 =   0.15202E-06   0.00000E+00
        GC_51 =  -0.13764E-06   0.00000E+00

 Collider parameters:
 --------------------

 Running at P P   machine @    13000.000000000000       GeV
 PDF set = nn23lo1
 alpha_s(Mz)= 0.1300 running at 2 loops.
 alpha_s(Mz)= 0.1300 running at 2 loops.
 Renormalization scale set on event-by-event basis
 Factorization   scale set on event-by-event basis


 getting user params
Enter number of events and max and min iterations: 
 Number of events and iterations         1000           5           3
Enter desired fractional accuracy: 
 Desired fractional accuracy:   0.10000000000000001     
Enter 0 for fixed, 2 for adjustable grid: 
Suppress amplitude (0 no, 1 yes)? 
 Using suppressed amplitude.
Exact helicity sum (0 yes, n = number/event)? 
 Explicitly summing over helicities
Enter Configuration Number: 
Running Configuration Number:    2
 Using dconfig=           4
 BW Setting            1           1           0
 Attempting mappinvarients           1           5
 Completed mapping           5
 about to integrate            7        1000           5           3           7           1
 Using non-zero grid deformation.
  7 dimensions   1000 events  7 invarients  5 iterations  1 config(s),  (0.99)
 Using h-tuple random number sequence.
 Error opening grid
 Using Uniform Grid!          20
 Using uniform alpha   1.0000000000000000     
 Grid defined OK
 Set CM energy to      13000.00
 Mapping Graph           2  to config           2
 Setting BW          -1           1   91.187600000000003     
 Setting PDF BW           6           2   91.187600000000003     
 Transforming s_hat BW    4.9202239016331379E-005   1.3463390504142014E-006
   2   1   2   3   4   5   6   7
 Masses: 0.000E+00 0.000E+00 0.000E+00 0.000E+00 0.000E+00
Using random seed offsets     2 :      1
  with seed                   24
 Ranmar initialization seeds       31060        9398
 
 ********************************************
 * You are using the DiscreteSampler module *
 *      part of the MG5_aMC framework       *
 *         Author: Valentin Hirschi         *
 ********************************************
 
  Particle       3       4       5
      Et >     0.0     0.0    10.0
       E >     0.0     0.0     0.0
     Eta <    -1.0    -1.0     2.5
   xqcut:      0.0     0.0     0.0
d R # 3  >    -0.0     0.0     0.0
d R # 4  >    -0.0    -0.0     0.0
s min # 3>     0.0     0.0     0.0
s min # 4>     0.0     0.0     0.0
xqcutij # 3>     0.0     0.0     0.0
xqcutij # 4>     0.0     0.0     0.0
 Requiring BW           -1           1
 Requiring BW           -2           2
 alpha_s for scale    90.144326119968468       is   0.13025025442790544     
 Added good helicity            1  0.55168951123029364       in event            1 local:           1
 Added good helicity            2  0.12166370166610758       in event            1 local:           1
 Added good helicity            7  0.21067807980123321       in event            1 local:           1
 Added good helicity            8   1.6484757749053998       in event            1 local:           1
 Added good helicity           25   21.508002950975001       in event            1 local:           1
 Added good helicity           26   2.7487602978762014       in event            1 local:           1
 Added good helicity           31  0.94149199786944460       in event            1 local:           1
 Added good helicity           32   4.2692376856763108       in event            1 local:           1
 Added good helicity            1  0.55168951123029364       in event            1 local:           1
 Added good helicity            2  0.12166370166610764       in event            1 local:           1
 Added good helicity            7  0.21067807980123293       in event            1 local:           1
 Added good helicity            8   1.6484757749054000       in event            1 local:           1
 Added good helicity           25   21.508002950975008       in event            1 local:           1
 Added good helicity           26   2.7487602978761978       in event            1 local:           1
 Added good helicity           31  0.94149199786944449       in event            1 local:           1
 Added good helicity           32   4.2692376856763099       in event            1 local:           1
 RESET CUMULATIVE VARIABLE
 RESET CUMULATIVE VARIABLE
 RESET CUMULATIVE VARIABLE
 Iteration  1   Mean: 0.4220E-07 Abs mean: 0.4220E-07   Fluctuation:  0.350E-08   0.156E-05     2.7%
  1    0.4220E-07 0.4220E-07 +- 0.3496E-08      2.62
 Writing out events   3.1569048162941148E-010   2.6196382001771581     
 Relative summed weights:
  0.2609E+00  0.2475E+00  0.2403E+00  0.2513E+00
 Relative number of events:
  0.2315E+00  0.2295E+00  0.2779E+00  0.2611E+00
 Events:
         234         232         281         264
 Iteration  2   Mean: 0.4294E-07 Abs mean: 0.4294E-07   Fluctuation:  0.174E-08   0.629E-06     7.1%
  2    0.4294E-07 0.4294E-07 +- 0.1740E-08      1.81
 Relative summed weights:
  0.2227E+00  0.2039E+00  0.2878E+00  0.2857E+00
 Relative number of events:
  0.2210E+00  0.2135E+00  0.2840E+00  0.2815E+00
 Events:
         442         427         568         563
 Iteration  3   Mean: 0.4288E-07 Abs mean: 0.4288E-07   Fluctuation:  0.937E-09   0.114E-05    12.9%
  3    0.4288E-07 0.4288E-07 +- 0.9370E-09      1.38
 Relative summed weights:
  0.2248E+00  0.2476E+00  0.2578E+00  0.2698E+00
 Relative number of events:
  0.2415E+00  0.2405E+00  0.2685E+00  0.2495E+00
 Events:
         966         962        1074         998
 Accuracy:    0.003   0.100   0.019   0.018
 Finished due to accuracy    2.5401293770538052E-003  0.10000000000000001     

 -------------------------------------------------------------------------------
 Accumulated results:   Integral =  0.4286E-07
                        Std dev  =  0.8030E-09
                       Cross sec =  0.4286E-07
             Chi**2 per DoF.     =      0.0184
 -------------------------------------------------------------------------------
 Found         2333  events.
 Wrote          839  events.
 Actual xsec    4.2859099471757106E-008
 Correct abs xsec    4.2859099471757106E-008
 Event xsec    4.2859099471757914E-008
 Events wgts > 1:           18
 % Cross section > 1:    4.2323190707959617E-010  0.98749603303841149     
-------------------------------------------------
---------------------------
 Results Last   3 iters: Integral =   0.4286E-07
                     Abs integral =   0.4286E-07
                          Std dev =   0.8030E-09
                  Chi**2 per DoF. =      0.0189
-------------------------------------------------
---------------------------
 Status  0.10000000000000001                4           5

ls status:
events.lhe
ftn26
input_app.txt
results.dat
run1_app.log
