# mur		muf		alpsfact	dynamical_scale	pdf		cross-section
1.0		1.0		1.0		-1		247000		0.223965886952
0.5		0.5		1.0		-1		247000		0.243664277707
0.5		0.5		1.0		1		247000		0.254714257776
0.5		0.5		1.0		2		247000		0.254714257776
0.5		0.5		1.0		3		247000		0.279131099682
0.5		0.5		1.0		4		247000		0.243664277704
0.5		1.0		1.0		-1		247000		0.223965886952
0.5		1.0		1.0		1		247000		0.233562286679
0.5		1.0		1.0		2		247000		0.233562286679
0.5		1.0		1.0		3		247000		0.254714257776
0.5		1.0		1.0		4		247000		0.223965886949
0.5		2.0		1.0		-1		247000		0.206715466825
0.5		2.0		1.0		1		247000		0.215108481258
0.5		2.0		1.0		2		247000		0.215108481258
0.5		2.0		1.0		3		247000		0.233562286679
0.5		2.0		1.0		4		247000		0.206715466822
1.0		0.5		1.0		-1		247000		0.243664277707
1.0		0.5		1.0		1		247000		0.254714257776
1.0		0.5		1.0		2		247000		0.254714257776
1.0		0.5		1.0		3		247000		0.279131099682
1.0		0.5		1.0		4		247000		0.243664277704
1.0		1.0		1.0		1		247000		0.233562286679
1.0		1.0		1.0		2		247000		0.233562286679
1.0		1.0		1.0		3		247000		0.254714257776
1.0		1.0		1.0		4		247000		0.223965886949
1.0		2.0		1.0		-1		247000		0.206715466825
1.0		2.0		1.0		1		247000		0.215108481258
1.0		2.0		1.0		2		247000		0.215108481258
1.0		2.0		1.0		3		247000		0.233562286679
1.0		2.0		1.0		4		247000		0.206715466822
2.0		0.5		1.0		-1		247000		0.243664277707
2.0		0.5		1.0		1		247000		0.254714257776
2.0		0.5		1.0		2		247000		0.254714257776
2.0		0.5		1.0		3		247000		0.279131099682
2.0		0.5		1.0		4		247000		0.243664277704
2.0		1.0		1.0		-1		247000		0.223965886952
2.0		1.0		1.0		1		247000		0.233562286679
2.0		1.0		1.0		2		247000		0.233562286679
2.0		1.0		1.0		3		247000		0.254714257776
2.0		1.0		1.0		4		247000		0.223965886949
2.0		2.0		1.0		-1		247000		0.206715466825
2.0		2.0		1.0		1		247000		0.215108481258
2.0		2.0		1.0		2		247000		0.215108481258
2.0		2.0		1.0		3		247000		0.233562286679
2.0		2.0		1.0		4		247000		0.206715466822
1.0		1.0		1.0		-1		247000		0.223965886952
1.0		1.0		1.0		-1		247001		0.230486319461
1.0		1.0		1.0		-1		247002		0.22487170023
1.0		1.0		1.0		-1		247003		0.210278688233
1.0		1.0		1.0		-1		247004		0.231823635387
1.0		1.0		1.0		-1		247005		0.200103844994
1.0		1.0		1.0		-1		247006		0.208005607812
1.0		1.0		1.0		-1		247007		0.233260159002
1.0		1.0		1.0		-1		247008		0.239910034942
1.0		1.0		1.0		-1		247009		0.22734560482
1.0		1.0		1.0		-1		247010		0.234646972961
1.0		1.0		1.0		-1		247011		0.219311725892
1.0		1.0		1.0		-1		247012		0.211961750023
1.0		1.0		1.0		-1		247013		0.242485990509
1.0		1.0		1.0		-1		247014		0.227796352342
1.0		1.0		1.0		-1		247015		0.227351706776
1.0		1.0		1.0		-1		247016		0.210877612521
1.0		1.0		1.0		-1		247017		0.223165897341
1.0		1.0		1.0		-1		247018		0.229486572012
1.0		1.0		1.0		-1		247019		0.208520670144
1.0		1.0		1.0		-1		247020		0.186901092291
1.0		1.0		1.0		-1		247021		0.212757688385
1.0		1.0		1.0		-1		247022		0.235970163315
1.0		1.0		1.0		-1		247023		0.207666708844
1.0		1.0		1.0		-1		247024		0.214402526737
1.0		1.0		1.0		-1		247025		0.263627287338
1.0		1.0		1.0		-1		247026		0.205353261877
1.0		1.0		1.0		-1		247027		0.201644619965
1.0		1.0		1.0		-1		247028		0.239608739807
1.0		1.0		1.0		-1		247029		0.220618894736
1.0		1.0		1.0		-1		247030		0.2479687843
1.0		1.0		1.0		-1		247031		0.223267487648
1.0		1.0		1.0		-1		247032		0.199296796913
1.0		1.0		1.0		-1		247033		0.208172606509
1.0		1.0		1.0		-1		247034		0.23641933906
1.0		1.0		1.0		-1		247035		0.194065218053
1.0		1.0		1.0		-1		247036		0.231691457252
1.0		1.0		1.0		-1		247037		0.232979303492
1.0		1.0		1.0		-1		247038		0.22670020537
1.0		1.0		1.0		-1		247039		0.213276218501
1.0		1.0		1.0		-1		247040		0.217024364067
1.0		1.0		1.0		-1		247041		0.26071194515
1.0		1.0		1.0		-1		247042		0.235787767194
1.0		1.0		1.0		-1		247043		0.230438165196
1.0		1.0		1.0		-1		247044		0.249449382329
1.0		1.0		1.0		-1		247045		0.238948554313
1.0		1.0		1.0		-1		247046		0.199389386395
1.0		1.0		1.0		-1		247047		0.211200650348
1.0		1.0		1.0		-1		247048		0.221754984995
1.0		1.0		1.0		-1		247049		0.235871841413
1.0		1.0		1.0		-1		247050		0.207429594322
1.0		1.0		1.0		-1		247051		0.221423146722
1.0		1.0		1.0		-1		247052		0.210611209968
1.0		1.0		1.0		-1		247053		0.230384073917
1.0		1.0		1.0		-1		247054		0.223692446089
1.0		1.0		1.0		-1		247055		0.20634922705
1.0		1.0		1.0		-1		247056		0.232788276333
1.0		1.0		1.0		-1		247057		0.234283966682
1.0		1.0		1.0		-1		247058		0.239223999895
1.0		1.0		1.0		-1		247059		0.225303481984
1.0		1.0		1.0		-1		247060		0.227525526096
1.0		1.0		1.0		-1		247061		0.225137208522
1.0		1.0		1.0		-1		247062		0.22691949931
1.0		1.0		1.0		-1		247063		0.20152641947
1.0		1.0		1.0		-1		247064		0.225042914726
1.0		1.0		1.0		-1		247065		0.234703991216
1.0		1.0		1.0		-1		247066		0.214777817311
1.0		1.0		1.0		-1		247067		0.212352969211
1.0		1.0		1.0		-1		247068		0.241436127228
1.0		1.0		1.0		-1		247069		0.201398885906
1.0		1.0		1.0		-1		247070		0.205956022085
1.0		1.0		1.0		-1		247071		0.234410707026
1.0		1.0		1.0		-1		247072		0.20560784398
1.0		1.0		1.0		-1		247073		0.229617170604
1.0		1.0		1.0		-1		247074		0.243973598353
1.0		1.0		1.0		-1		247075		0.218408813021
1.0		1.0		1.0		-1		247076		0.229295869353
1.0		1.0		1.0		-1		247077		0.216230123746
1.0		1.0		1.0		-1		247078		0.23387135499
1.0		1.0		1.0		-1		247079		0.225147102888
1.0		1.0		1.0		-1		247080		0.229397000869
1.0		1.0		1.0		-1		247081		0.227205517236
1.0		1.0		1.0		-1		247082		0.233380255639
1.0		1.0		1.0		-1		247083		0.22168986627
1.0		1.0		1.0		-1		247084		0.230561131209
1.0		1.0		1.0		-1		247085		0.205550667113
1.0		1.0		1.0		-1		247086		0.213735650778
1.0		1.0		1.0		-1		247087		0.225367578861
1.0		1.0		1.0		-1		247088		0.249300349567
1.0		1.0		1.0		-1		247089		0.218998280358
1.0		1.0		1.0		-1		247090		0.19713017528
1.0		1.0		1.0		-1		247091		0.243053254979
1.0		1.0		1.0		-1		247092		0.240912865655
1.0		1.0		1.0		-1		247093		0.229980856027
1.0		1.0		1.0		-1		247094		0.242489190049
1.0		1.0		1.0		-1		247095		0.209906352496
1.0		1.0		1.0		-1		247096		0.233556302028
1.0		1.0		1.0		-1		247097		0.198124269413
1.0		1.0		1.0		-1		247098		0.23460564187
1.0		1.0		1.0		-1		247099		0.220308879987
1.0		1.0		1.0		-1		247100		0.236854281644

#***************************************************************************
#
# original cross-section: 0.223965886952
#     scale variation: +8.8% -7.7%
#     central scheme variation: +13.7% -1.34e-09%
# PDF variation: +6.65% -6.65%
#
# dynamical scheme # 1 : 0.233562 +9.06% -7.9% # \sum ET
# dynamical scheme # 2 : 0.233562 +9.06% -7.9% # \sum\sqrt{m^2+pt^2}
# dynamical scheme # 3 : 0.254714 +9.59% -8.3% # 0.5 \sum\sqrt{m^2+pt^2}
# dynamical scheme # 4 : 0.223966 +8.8% -7.7% # \sqrt{\hat s}
#***************************************************************************
