# mur		muf		alpsfact	dynamical_scale	pdf		cross-section
1.0		1.0		1.0		-1		247000		0.00964633768806
0.5		0.5		1.0		-1		247000		0.0104994917122
0.5		0.5		1.0		1		247000		0.0109810338133
0.5		0.5		1.0		2		247000		0.0109810338133
0.5		0.5		1.0		3		247000		0.0120412487926
0.5		0.5		1.0		4		247000		0.0104994917123
0.5		1.0		1.0		-1		247000		0.00964633768806
0.5		1.0		1.0		1		247000		0.0100639152594
0.5		1.0		1.0		2		247000		0.0100639152594
0.5		1.0		1.0		3		247000		0.0109810338133
0.5		1.0		1.0		4		247000		0.00964633768812
0.5		2.0		1.0		-1		247000		0.00889997524602
0.5		2.0		1.0		1		247000		0.00926477976792
0.5		2.0		1.0		2		247000		0.00926477976792
0.5		2.0		1.0		3		247000		0.0100639152594
0.5		2.0		1.0		4		247000		0.00889997524608
1.0		0.5		1.0		-1		247000		0.0104994917122
1.0		0.5		1.0		1		247000		0.0109810338133
1.0		0.5		1.0		2		247000		0.0109810338133
1.0		0.5		1.0		3		247000		0.0120412487926
1.0		0.5		1.0		4		247000		0.0104994917123
1.0		1.0		1.0		1		247000		0.0100639152594
1.0		1.0		1.0		2		247000		0.0100639152594
1.0		1.0		1.0		3		247000		0.0109810338133
1.0		1.0		1.0		4		247000		0.00964633768812
1.0		2.0		1.0		-1		247000		0.00889997524602
1.0		2.0		1.0		1		247000		0.00926477976792
1.0		2.0		1.0		2		247000		0.00926477976792
1.0		2.0		1.0		3		247000		0.0100639152594
1.0		2.0		1.0		4		247000		0.00889997524608
2.0		0.5		1.0		-1		247000		0.0104994917122
2.0		0.5		1.0		1		247000		0.0109810338133
2.0		0.5		1.0		2		247000		0.0109810338133
2.0		0.5		1.0		3		247000		0.0120412487926
2.0		0.5		1.0		4		247000		0.0104994917123
2.0		1.0		1.0		-1		247000		0.00964633768806
2.0		1.0		1.0		1		247000		0.0100639152594
2.0		1.0		1.0		2		247000		0.0100639152594
2.0		1.0		1.0		3		247000		0.0109810338133
2.0		1.0		1.0		4		247000		0.00964633768812
2.0		2.0		1.0		-1		247000		0.00889997524602
2.0		2.0		1.0		1		247000		0.00926477976792
2.0		2.0		1.0		2		247000		0.00926477976792
2.0		2.0		1.0		3		247000		0.0100639152594
2.0		2.0		1.0		4		247000		0.00889997524608
1.0		1.0		1.0		-1		247000		0.00964633768806
1.0		1.0		1.0		-1		247001		0.00986122255146
1.0		1.0		1.0		-1		247002		0.00973403772341
1.0		1.0		1.0		-1		247003		0.00914513469427
1.0		1.0		1.0		-1		247004		0.00995249938298
1.0		1.0		1.0		-1		247005		0.00866937765728
1.0		1.0		1.0		-1		247006		0.00908227187889
1.0		1.0		1.0		-1		247007		0.0100825656894
1.0		1.0		1.0		-1		247008		0.0103487209338
1.0		1.0		1.0		-1		247009		0.00981520101487
1.0		1.0		1.0		-1		247010		0.0102943802127
1.0		1.0		1.0		-1		247011		0.00937383015174
1.0		1.0		1.0		-1		247012		0.00903007968648
1.0		1.0		1.0		-1		247013		0.0103977319778
1.0		1.0		1.0		-1		247014		0.00985036338388
1.0		1.0		1.0		-1		247015		0.00972019752791
1.0		1.0		1.0		-1		247016		0.00894300986261
1.0		1.0		1.0		-1		247017		0.0096236510855
1.0		1.0		1.0		-1		247018		0.00983712288479
1.0		1.0		1.0		-1		247019		0.00903489298413
1.0		1.0		1.0		-1		247020		0.0081199874428
1.0		1.0		1.0		-1		247021		0.00919718608184
1.0		1.0		1.0		-1		247022		0.0100152552528
1.0		1.0		1.0		-1		247023		0.00897666386248
1.0		1.0		1.0		-1		247024		0.009270398404
1.0		1.0		1.0		-1		247025		0.0113426662691
1.0		1.0		1.0		-1		247026		0.00890633253846
1.0		1.0		1.0		-1		247027		0.00856736998913
1.0		1.0		1.0		-1		247028		0.0102800613302
1.0		1.0		1.0		-1		247029		0.00951061862335
1.0		1.0		1.0		-1		247030		0.0106431825989
1.0		1.0		1.0		-1		247031		0.00960771541381
1.0		1.0		1.0		-1		247032		0.00868344422091
1.0		1.0		1.0		-1		247033		0.00895686058999
1.0		1.0		1.0		-1		247034		0.0102242722992
1.0		1.0		1.0		-1		247035		0.00836702940347
1.0		1.0		1.0		-1		247036		0.0100323949176
1.0		1.0		1.0		-1		247037		0.0101271174125
1.0		1.0		1.0		-1		247038		0.00975535496166
1.0		1.0		1.0		-1		247039		0.00914633002814
1.0		1.0		1.0		-1		247040		0.00926466897735
1.0		1.0		1.0		-1		247041		0.01095612024
1.0		1.0		1.0		-1		247042		0.0101840555225
1.0		1.0		1.0		-1		247043		0.00989735971296
1.0		1.0		1.0		-1		247044		0.0107000417871
1.0		1.0		1.0		-1		247045		0.01024428811
1.0		1.0		1.0		-1		247046		0.0088481180814
1.0		1.0		1.0		-1		247047		0.00903166208731
1.0		1.0		1.0		-1		247048		0.00956145600791
1.0		1.0		1.0		-1		247049		0.010045394397
1.0		1.0		1.0		-1		247050		0.00891443957687
1.0		1.0		1.0		-1		247051		0.00952090193589
1.0		1.0		1.0		-1		247052		0.00899118433849
1.0		1.0		1.0		-1		247053		0.00985042190154
1.0		1.0		1.0		-1		247054		0.00972651949443
1.0		1.0		1.0		-1		247055		0.00890330059171
1.0		1.0		1.0		-1		247056		0.0101443735499
1.0		1.0		1.0		-1		247057		0.0101034254299
1.0		1.0		1.0		-1		247058		0.0102738860698
1.0		1.0		1.0		-1		247059		0.00977832562446
1.0		1.0		1.0		-1		247060		0.00978923783912
1.0		1.0		1.0		-1		247061		0.00961755202149
1.0		1.0		1.0		-1		247062		0.00985967317908
1.0		1.0		1.0		-1		247063		0.00859125130844
1.0		1.0		1.0		-1		247064		0.00967349418112
1.0		1.0		1.0		-1		247065		0.0100475272501
1.0		1.0		1.0		-1		247066		0.0092323478239
1.0		1.0		1.0		-1		247067		0.00909437949493
1.0		1.0		1.0		-1		247068		0.0103275967412
1.0		1.0		1.0		-1		247069		0.0087698670742
1.0		1.0		1.0		-1		247070		0.00883869458107
1.0		1.0		1.0		-1		247071		0.0102135081933
1.0		1.0		1.0		-1		247072		0.00884526170077
1.0		1.0		1.0		-1		247073		0.00986757019479
1.0		1.0		1.0		-1		247074		0.0104362560383
1.0		1.0		1.0		-1		247075		0.00940782597849
1.0		1.0		1.0		-1		247076		0.00989893549405
1.0		1.0		1.0		-1		247077		0.00930793257545
1.0		1.0		1.0		-1		247078		0.0100066796234
1.0		1.0		1.0		-1		247079		0.00962599248182
1.0		1.0		1.0		-1		247080		0.00978432343106
1.0		1.0		1.0		-1		247081		0.00974390259806
1.0		1.0		1.0		-1		247082		0.0100315516543
1.0		1.0		1.0		-1		247083		0.00971961818164
1.0		1.0		1.0		-1		247084		0.0100785356986
1.0		1.0		1.0		-1		247085		0.00885753327467
1.0		1.0		1.0		-1		247086		0.00923785978066
1.0		1.0		1.0		-1		247087		0.00964118061537
1.0		1.0		1.0		-1		247088		0.0107169553148
1.0		1.0		1.0		-1		247089		0.00944185673183
1.0		1.0		1.0		-1		247090		0.00853872430747
1.0		1.0		1.0		-1		247091		0.0104755461719
1.0		1.0		1.0		-1		247092		0.0103054281638
1.0		1.0		1.0		-1		247093		0.00988747957232
1.0		1.0		1.0		-1		247094		0.01041914799
1.0		1.0		1.0		-1		247095		0.00907576679833
1.0		1.0		1.0		-1		247096		0.010080329311
1.0		1.0		1.0		-1		247097		0.00851201609017
1.0		1.0		1.0		-1		247098		0.0100537154012
1.0		1.0		1.0		-1		247099		0.00935360149285
1.0		1.0		1.0		-1		247100		0.0101781777795

#***************************************************************************
#
# original cross-section: 0.00964633768806
#     scale variation: +8.84% -7.74%
#     central scheme variation: +13.8% - 0%
# PDF variation: +6.48% -6.48%
#
# dynamical scheme # 1 : 0.0100639 +9.11% -7.94% # \sum ET
# dynamical scheme # 2 : 0.0100639 +9.11% -7.94% # \sum\sqrt{m^2+pt^2}
# dynamical scheme # 3 : 0.010981 +9.65% -8.35% # 0.5 \sum\sqrt{m^2+pt^2}
# dynamical scheme # 4 : 0.00964634 +8.84% -7.74% # \sqrt{\hat s}
#***************************************************************************
