\BOOKMARK [1][-]{section.1}{ Setup}{}
\BOOKMARK [2][-]{subsection.1.1}{ Command history}{section.1}
\BOOKMARK [2][-]{subsection.1.2}{ Configuration}{section.1}
\BOOKMARK [1][-]{section.2}{ Datasets}{}
\BOOKMARK [2][-]{subsection.2.1}{ unweighted\137events}{section.2}
\BOOKMARK [1][-]{section.3}{ Histos and cuts}{}
\BOOKMARK [2][-]{subsection.3.1}{ Histogram 1}{section.3}
\BOOKMARK [2][-]{subsection.3.2}{ Histogram 2}{section.3}
\BOOKMARK [2][-]{subsection.3.3}{ Histogram 3}{section.3}
\BOOKMARK [2][-]{subsection.3.4}{ Histogram 4}{section.3}
\BOOKMARK [2][-]{subsection.3.5}{ Histogram 5}{section.3}
\BOOKMARK [2][-]{subsection.3.6}{ Histogram 6}{section.3}
\BOOKMARK [2][-]{subsection.3.7}{ Histogram 7}{section.3}
\BOOKMARK [2][-]{subsection.3.8}{ Histogram 8}{section.3}
\BOOKMARK [2][-]{subsection.3.9}{ Histogram 9}{section.3}
\BOOKMARK [2][-]{subsection.3.10}{ Histogram 10}{section.3}
\BOOKMARK [2][-]{subsection.3.11}{ Histogram 11}{section.3}
\BOOKMARK [2][-]{subsection.3.12}{ Histogram 12}{section.3}
\BOOKMARK [2][-]{subsection.3.13}{ Histogram 13}{section.3}
\BOOKMARK [2][-]{subsection.3.14}{ Histogram 14}{section.3}
\BOOKMARK [2][-]{subsection.3.15}{ Histogram 15}{section.3}
\BOOKMARK [2][-]{subsection.3.16}{ Histogram 16}{section.3}
\BOOKMARK [2][-]{subsection.3.17}{ Histogram 17}{section.3}
\BOOKMARK [2][-]{subsection.3.18}{ Histogram 18}{section.3}
\BOOKMARK [2][-]{subsection.3.19}{ Histogram 19}{section.3}
\BOOKMARK [2][-]{subsection.3.20}{ Histogram 20}{section.3}
\BOOKMARK [2][-]{subsection.3.21}{ Histogram 21}{section.3}
\BOOKMARK [2][-]{subsection.3.22}{ Histogram 22}{section.3}
