[?1034h************************************************************
*                                                          *
*                     W E L C O M E to                     *
*              M A D G R A P H 5 _ a M C @ N L O           *
*                                                          *
*                                                          *
*                 *                       *                *
*                   *        * *        *                  *
*                     * * * * 5 * * * *                    *
*                   *        * *        *                  *
*                 *                       *                *
*                                                          *
*         VERSION 2.7.2                 2020-03-17         *
*                                                          *
*    The MadGraph5_aMC@NLO Development Team - Find us at   *
*    https://server06.fynu.ucl.ac.be/projects/madgraph     *
*                            and                           *
*            http://amcatnlo.web.cern.ch/amcatnlo/         *
*                                                          *
*               Type 'help' for in-line help.              *
*           Type 'tutorial' to learn how MG5 works         *
*    Type 'tutorial aMCatNLO' to learn how aMC@NLO works   *
*    Type 'tutorial MadLoop' to learn how MadLoop works    *
*                                                          *
************************************************************
load MG5 configuration from ../MG5_aMC_v2_7_2/input/mg5_configuration.txt 
fastjet-config does not seem to correspond to a valid fastjet-config executable (v3+). We will use fjcore instead.
 Please set the 'fastjet'variable to the full (absolute) /PATH/TO/fastjet-config (including fastjet-config).
 MG5_aMC> set fastjet /PATH/TO/fastjet-config

set lhapdf to lhapdf-config
Using default text editor "vi". Set another one in ./input/mg5_configuration.txt
Using default eps viewer "evince". Set another one in ./input/mg5_configuration.txt
No valid web browser found. Please set in ./input/mg5_configuration.txt
import /uscms_data/d3/corderom/Theory/CMSSW_10_2_13/src/SMP_MG5aMC/submitter_MG5_aMC/output/scripts/mg5_CBBL4_20.txt
The import format was not given, so we guess it as command
set lhapdf /cvmfs/cms.cern.ch/slc6_amd64_gcc700/cms/cmssw/CMSSW_10_2_13/external/slc6_amd64_gcc700/bin/lhapdf-config
set lhapdf to /cvmfs/cms.cern.ch/slc6_amd64_gcc700/cms/cmssw/CMSSW_10_2_13/external/slc6_amd64_gcc700/bin/lhapdf-config
save options lhapdf
save configuration file to /uscms_data/d3/corderom/Theory/CMSSW_10_2_13/src/SMP_MG5aMC/MG5_aMC_v2_7_2/input/mg5_configuration.txt
set fastjet /uscms/home/corderom/nobackup/Theory/CMSSW_10_2_13/src/SMP_MG5aMC/submitter_MG5_aMC/../MG5_aMC_v2_7_2/HEPTools/madanalysis5/madanalysis5/tools/fastjet/bin/fastjet-config
set fastjet to /uscms/home/corderom/nobackup/Theory/CMSSW_10_2_13/src/SMP_MG5aMC/submitter_MG5_aMC/../MG5_aMC_v2_7_2/HEPTools/madanalysis5/madanalysis5/tools/fastjet/bin/fastjet-config
save options fastjet
save configuration file to /uscms_data/d3/corderom/Theory/CMSSW_10_2_13/src/SMP_MG5aMC/MG5_aMC_v2_7_2/input/mg5_configuration.txt
import model NTGC
[1;60mINFO: download model from http://feynrules.irmp.ucl.ac.be/raw-attachment/wiki/NTGC/NTGC.tar.gz to the following directory: /uscms_data/d3/corderom/Theory/CMSSW_10_2_13/src/SMP_MG5aMC/MG5_aMC_v2_7_2/models [0m
NTGC/CT_couplings.py
NTGC/NTGC.log
NTGC/__init__.py
NTGC/coupling_orders.py
NTGC/couplings.py
NTGC/decays.py
NTGC/function_library.py
NTGC/lorentz.py
NTGC/object_library.py
NTGC/parameters.py
NTGC/particles.py
NTGC/propagators.py
NTGC/vertices.py
NTGC/write_param_card.py
INFO: load particles 
INFO: load vertices 
INFO: Change particles name to pass to MG5 convention 
Defined multiparticle p = g u c d s u~ c~ d~ s~
Defined multiparticle j = g u c d s u~ c~ d~ s~
Defined multiparticle l+ = e+ mu+
Defined multiparticle l- = e- mu-
Defined multiparticle vl = ve vm vt
Defined multiparticle vl~ = ve~ vm~ vt~
Defined multiparticle all = g u c d s u~ c~ d~ s~ a ve vm vt e- mu- ve~ vm~ vt~ e+ mu+ t b t~ b~ z w+ h w- ta- ta+
generate p p > z a, z > l- l+
INFO: Checking for minimal orders which gives processes. 
INFO: Please specify coupling orders to bypass this step. 
INFO: Trying coupling order WEIGHTED<=2: WEIGTHED IS NP+2*QED+QCD 
INFO: Trying coupling order WEIGHTED<=3: WEIGTHED IS NP+2*QED+QCD 
INFO: Trying process: g g > z a NP<=1 WEIGHTED<=3 @1  
INFO: Trying process: u u~ > z a NP<=1 WEIGHTED<=3 @1  
INFO: Process has 2 diagrams 
INFO: Trying process: u c~ > z a NP<=1 WEIGHTED<=3 @1  
INFO: Trying process: c u~ > z a NP<=1 WEIGHTED<=3 @1  
INFO: Trying process: c c~ > z a NP<=1 WEIGHTED<=3 @1  
INFO: Process has 2 diagrams 
INFO: Trying process: d d~ > z a NP<=1 WEIGHTED<=3 @1  
INFO: Process has 2 diagrams 
INFO: Trying process: d s~ > z a NP<=1 WEIGHTED<=3 @1  
INFO: Trying process: s d~ > z a NP<=1 WEIGHTED<=3 @1  
INFO: Trying process: s s~ > z a NP<=1 WEIGHTED<=3 @1  
INFO: Process has 2 diagrams 
INFO: Process u~ u > z a added to mirror process u u~ > z a 
INFO: Process c~ c > z a added to mirror process c c~ > z a 
INFO: Process d~ d > z a added to mirror process d d~ > z a 
INFO: Process s~ s > z a added to mirror process s s~ > z a 
INFO: Checking for minimal orders which gives processes. 
INFO: Please specify coupling orders to bypass this step. 
INFO: Trying process: z > e- e+ NP<=1 WEIGHTED<=2  
INFO: Process has 1 diagrams 
INFO: Trying process: z > e- mu+ NP<=1 WEIGHTED<=2  
INFO: Trying process: z > mu- e+ NP<=1 WEIGHTED<=2  
INFO: Trying process: z > mu- mu+ NP<=1 WEIGHTED<=2  
INFO: Process has 1 diagrams 
1 processes with 10 diagrams generated in 0.247 s
Total: 1 processes with 10 diagrams
output /uscms/home/corderom/nobackup/Theory/CMSSW_10_2_13/src/SMP_MG5aMC/submitter_MG5_aMC/output/results/ntgc_llg_CBBL4_20
INFO: initialize a new directory: ntgc_llg_CBBL4_20 
INFO: remove old information in ntgc_llg_CBBL4_20 
INFO: Organizing processes into subprocess groups 
INFO: Organizing processes into subprocess groups 
INFO: Generating Helas calls for process: u u~ > z a NP<=1 WEIGHTED<=3 @1 
INFO: Combined process c c~ > z a NP<=1 WEIGHTED<=3 @1 with process u u~ > z a NP<=1 WEIGHTED<=3 @1 
INFO: Generating Helas calls for process: d d~ > z a NP<=1 WEIGHTED<=3 @1 
INFO: Combined process s s~ > z a NP<=1 WEIGHTED<=3 @1 with process d d~ > z a NP<=1 WEIGHTED<=3 @1 
INFO: Generating Helas calls for process: z > e- e+ NP<=1 WEIGHTED<=2 
INFO: Generating Helas calls for process: z > mu- mu+ NP<=1 WEIGHTED<=2 
INFO: Combine u u~ > z a NP<=1 WEIGHTED<=3 @1 with decays z > e- e+ NP<=1 WEIGHTED<=2 
INFO: Combine u u~ > z a NP<=1 WEIGHTED<=3 @1 with decays z > mu- mu+ NP<=1 WEIGHTED<=2 
INFO: Combining process with u u~ > z a NP<=1 WEIGHTED<=3 @1
  Decay: z > e- e+ NP<=1 WEIGHTED<=2 
INFO: Combine d d~ > z a NP<=1 WEIGHTED<=3 @1 with decays z > e- e+ NP<=1 WEIGHTED<=2 
INFO: Combine d d~ > z a NP<=1 WEIGHTED<=3 @1 with decays z > mu- mu+ NP<=1 WEIGHTED<=2 
INFO: Combining process with d d~ > z a NP<=1 WEIGHTED<=3 @1
  Decay: z > e- e+ NP<=1 WEIGHTED<=2 
INFO: Processing color information for process: u u~ > z a NP<=1 @1
  Decay: z > e- e+ NP<=1 WEIGHTED<=2 
INFO: Reusing existing color information for process: d d~ > z a NP<=1 @1
  Decay: z > e- e+ NP<=1 WEIGHTED<=2 
INFO: Creating files in directory P1_qq_za_z_ll 
INFO: Generating Feynman diagrams for Process: u u~ > z a NP<=1 WEIGHTED<=3 @1
  Decay: z > e- e+ NP<=1 WEIGHTED<=2 
INFO: Generating Feynman diagrams for Process: d d~ > z a NP<=1 WEIGHTED<=3 @1
  Decay: z > e- e+ NP<=1 WEIGHTED<=2 
INFO: Finding symmetric diagrams for subprocess group qq_za_z_ll 
Generated helas calls for 2 subprocesses (4 diagrams) in 0.098 s
Wrote files for 20 helas calls in 0.328 s
ALOHA: aloha creates VVV1 routines
ALOHA: aloha creates FFV2 routines
ALOHA: aloha creates FFV3 routines
ALOHA: aloha creates FFV1 set of routines with options: P0
ALOHA: aloha creates VVV6 routines
ALOHA: aloha creates VVV4 routines
ALOHA: aloha creates VVV5 routines
ALOHA: aloha creates VVV10 routines
ALOHA: aloha creates VVV11 routines
save configuration file to /uscms_data/d3/corderom/Theory/CMSSW_10_2_13/src/SMP_MG5aMC/submitter_MG5_aMC/output/results/ntgc_llg_CBBL4_20/Cards/me5_configuration.txt
INFO: Use Fortran compiler gfortran 
INFO: Use c++ compiler g++ 
INFO: Generate jpeg diagrams 
INFO: Generate web pages 
INFO: Generating MadAnalysis5 default cards tailored to this process 
INFO: Cards created in 3.68s 
Output to directory /uscms_data/d3/corderom/Theory/CMSSW_10_2_13/src/SMP_MG5aMC/submitter_MG5_aMC/output/results/ntgc_llg_CBBL4_20 done.
Type "launch" to generate events from this process, or see
/uscms_data/d3/corderom/Theory/CMSSW_10_2_13/src/SMP_MG5aMC/submitter_MG5_aMC/output/results/ntgc_llg_CBBL4_20/README
Run "open index.html" to see more information about this process.
launch
************************************************************
*                                                          *
*                      W E L C O M E to                    *
*             M A D G R A P H 5 _ a M C @ N L O            *
*                      M A D E V E N T                     *
*                                                          *
*                 *                       *                *
*                   *        * *        *                  *
*                     * * * * 5 * * * *                    *
*                   *        * *        *                  *
*                 *                       *                *
*                                                          *
*         VERSION 2.7.2                 2020-03-17         *
*                                                          *
*    The MadGraph5_aMC@NLO Development Team - Find us at   *
*    https://server06.fynu.ucl.ac.be/projects/madgraph     *
*                                                          *
*               Type 'help' for in-line help.              *
*                                                          *
************************************************************
INFO: load configuration from /uscms_data/d3/corderom/Theory/CMSSW_10_2_13/src/SMP_MG5aMC/submitter_MG5_aMC/output/results/ntgc_llg_CBBL4_20/Cards/me5_configuration.txt  
INFO: load configuration from /uscms_data/d3/corderom/Theory/CMSSW_10_2_13/src/SMP_MG5aMC/MG5_aMC_v2_7_2/input/mg5_configuration.txt  
INFO: load configuration from /uscms_data/d3/corderom/Theory/CMSSW_10_2_13/src/SMP_MG5aMC/submitter_MG5_aMC/output/results/ntgc_llg_CBBL4_20/Cards/me5_configuration.txt  
Using default text editor "vi". Set another one in ./input/mg5_configuration.txt
No valid web browser found. Please set in ./input/mg5_configuration.txt
save configuration file to /uscms_data/d3/corderom/Theory/CMSSW_10_2_13/src/SMP_MG5aMC/MG5_aMC_v2_7_2/input/mg5_configuration.txt
generate_events run_01
The following switches determine which programs are run:
/================ Description =================|================ values ================|====== other options ======\
| 1. Choose the shower/hadronization program   | [1m  shower[0m = [01mNot Avail.[0m                  |   Please install module   |
| 2. Choose the detector simulation program    | [1mdetector[0m = [01mNot Avail.[0m                  |   Please install module   |
| 3. Choose an analysis package (plot/convert) | [1manalysis[0m = [32mMadAnalysis5[0m                |   OFF                     |
| 4. Decay onshell particles                   | [1m madspin[0m = [31mOFF[0m                         |   ON|onshell              |
| 5. Add weights to events for new hypp.       | [1mreweight[0m = [31mOFF[0m                         |   ON                      |
\===================================================================================================================/
Either type the switch number (1 to 5) to change its setting,
Set any switch explicitly (e.g. type 'madspin=ON' at the prompt)
Type 'help' for the list of all valid option
Type '0', 'auto', 'done' or just press enter when you are done.
set CBtWL4 0
[1mINFO: modify param_card information BLOCK dim8 with id (1,) set to 0.0 [0m
set CBWL4 0
[1mINFO: modify param_card information BLOCK dim8 with id (2,) set to 0.0 [0m
set CWWL4 0
[1mINFO: modify param_card information BLOCK dim8 with id (3,) set to 0.0 [0m
set CBBL4 0
[1mINFO: modify param_card information BLOCK dim8 with id (4,) set to 0.0 [0m
set CBBL4 20
[1mINFO: modify param_card information BLOCK dim8 with id (4,) set to 20.0 [0m
Do you want to edit a card (press enter to bypass editing)?
/------------------------------------------------------------\
|  [31m1[0m. param : [32mparam_card.dat[0m                                 |
|  [31m2[0m. run   : [32mrun_card.dat[0m                                   |
\------------------------------------------------------------/
 you can also
   - enter the path to a valid card or banner.
   - use the 'set' command to modify a parameter directly.
     The set option works only for param_card and run_card.
     Type 'help set' for more information on this command.
   - call an external program (ASperGE/MadWidth/...).
     Type 'help' for the list of available command
 [[4m0[0m, done, 1, param, 2, run, enter path]
[1mThe answer to the previous question is not set in your input file[0m
[1mUse 0 value[0m
INFO: Update the dependent parameter of the param_card.dat 
Generating 10000 events with run name run_01
survey  run_01 
INFO: compile directory 
[1;34mNot able to open file /uscms_data/d3/corderom/Theory/CMSSW_10_2_13/src/SMP_MG5aMC/submitter_MG5_aMC/output/results/ntgc_llg_CBBL4_20/crossx.html since no program configured.Please set one in ./input/mg5_configuration.txt[0m
compile Source Directory
Using random number seed offset = 21
INFO: Running Survey 
Creating Jobs
Working on SubProcesses
INFO:     P1_qq_za_z_ll  
INFO:  Idle: 1,  Running: 2,  Completed: 0 [ current time: 18h03 ] 
INFO:  Idle: 0,  Running: 2,  Completed: 1 [  0.27s  ] 
INFO:  Idle: 0,  Running: 0,  Completed: 3 [  4s  ] 
INFO:  Idle: 0,  Running: 0,  Completed: 3 [  4s  ] 
INFO: End survey 
refine 10000
Creating Jobs
INFO: Refine results to 10000 
INFO: Generating 10000.0 unweighted events. 
INFO: Effective Luminosity 54922.9068554 pb^-1 
INFO: need to improve 2 channels 
Current estimate of cross-section: 0.2184880715 +- 0.00631978873463
    P1_qq_za_z_ll 
INFO:  Idle: 0,  Running: 13,  Completed: 0 [ current time: 18h04 ] 
INFO:  Idle: 0,  Running: 12,  Completed: 1 [  7.6s  ] 
INFO:  Idle: 0,  Running: 0,  Completed: 13 [  9.6s  ] 
INFO: Combining runs 
INFO: finish refine 
refine 10000
Creating Jobs
INFO: Refine results to 10000 
INFO: Generating 10000.0 unweighted events. 
INFO: Effective Luminosity 53563.5204198 pb^-1 
INFO: need to improve 0 channels 
Current estimate of cross-section: 0.2240330715 +- 0.000590574433245
    P1_qq_za_z_ll 
INFO:  Idle: 0,  Running: 0,  Completed: 0 [ current time: 18h04 ] 
INFO:  Idle: 0,  Running: 0,  Completed: 0 [ current time: 18h04 ] 
INFO: Combining runs 
INFO: finish refine 
INFO: Combining Events 
  === Results Summary for run: run_01 tag: tag_1 ===

     Cross-section :   0.224 +- 0.0005906 pb
     Nb of events :  10000
 
INFO: Running Systematics computation 
INFO:  Idle: 1,  Running: 3,  Completed: 0 [ current time: 18h04 ] 
INFO:  Idle: 0,  Running: 3,  Completed: 1 [  1m 24s  ] 
INFO: # events generated with PDF: NNPDF23_lo_as_0130_qed (247000) 
INFO: #Will Compute 145 weights per event. 
INFO: #***************************************************************************
#
# original cross-section: 0.223965886952
#     scale variation: +8.8% -7.7%
#     central scheme variation: +13.7% -1.34e-09%
# PDF variation: +6.65% -6.65%
#
# dynamical scheme # 1 : 0.233562 +9.06% -7.9% # \sum ET
# dynamical scheme # 2 : 0.233562 +9.06% -7.9% # \sum\sqrt{m^2+pt^2}
# dynamical scheme # 3 : 0.254714 +9.59% -8.3% # 0.5 \sum\sqrt{m^2+pt^2}
# dynamical scheme # 4 : 0.223966 +8.8% -7.7% # \sqrt{\hat s}
#***************************************************************************
 
INFO: End of systematics computation 
store_events
INFO: Storing parton level results 
INFO: End Parton 
reweight -from_cards
decay_events -from_cards
INFO: storing files of previous run 
INFO: Done 
quit
INFO:  
more information in /uscms_data/d3/corderom/Theory/CMSSW_10_2_13/src/SMP_MG5aMC/submitter_MG5_aMC/output/results/ntgc_llg_CBBL4_20/index.html
quit
