This is pdfTeX, Version 3.14159265-2.6-1.40.18 (TeX Live 2017/Debian) (preloaded format=latex)
 restricted \write18 enabled.
entering extended mode
(./main.tex
LaTeX2e <2017-04-15>
Babel <3.18> and hyphenation patterns for 84 language(s) loaded.
(/usr/share/texlive/texmf-dist/tex/latex/base/article.cls
Document Class: article 2014/09/29 v1.4h Standard LaTeX document class
(/usr/share/texlive/texmf-dist/tex/latex/base/size10.clo)) (./jheppub.sty
(/usr/share/texlive/texmf-dist/tex/latex/amsmath/amsmath.sty
For additional information on amsmath, use the `?' option.
(/usr/share/texlive/texmf-dist/tex/latex/amsmath/amstext.sty
(/usr/share/texlive/texmf-dist/tex/latex/amsmath/amsgen.sty))
(/usr/share/texlive/texmf-dist/tex/latex/amsmath/amsbsy.sty)
(/usr/share/texlive/texmf-dist/tex/latex/amsmath/amsopn.sty))
(/usr/share/texlive/texmf-dist/tex/latex/amsfonts/amssymb.sty
(/usr/share/texlive/texmf-dist/tex/latex/amsfonts/amsfonts.sty))
(/usr/share/texlive/texmf-dist/tex/latex/graphics/epsfig.sty
(/usr/share/texlive/texmf-dist/tex/latex/graphics/graphicx.sty
(/usr/share/texlive/texmf-dist/tex/latex/graphics/keyval.sty)
(/usr/share/texlive/texmf-dist/tex/latex/graphics/graphics.sty
(/usr/share/texlive/texmf-dist/tex/latex/graphics/trig.sty)
(/usr/share/texlive/texmf-dist/tex/latex/graphics-cfg/graphics.cfg)
(/usr/share/texlive/texmf-dist/tex/latex/graphics-def/dvips.def))))
(/usr/share/texlive/texmf-dist/tex/latex/natbib/natbib.sty)
(/usr/share/texlive/texmf-dist/tex/latex/graphics/color.sty
(/usr/share/texlive/texmf-dist/tex/latex/graphics-cfg/color.cfg)
(/usr/share/texlive/texmf-dist/tex/latex/graphics/dvipsnam.def))
(/usr/share/texlive/texmf-dist/tex/latex/hyperref/hyperref.sty
(/usr/share/texlive/texmf-dist/tex/generic/oberdiek/hobsub-hyperref.sty
(/usr/share/texlive/texmf-dist/tex/generic/oberdiek/hobsub-generic.sty))
(/usr/share/texlive/texmf-dist/tex/generic/ifxetex/ifxetex.sty)
(/usr/share/texlive/texmf-dist/tex/latex/oberdiek/auxhook.sty)
(/usr/share/texlive/texmf-dist/tex/latex/oberdiek/kvoptions.sty)
(/usr/share/texlive/texmf-dist/tex/latex/hyperref/pd1enc.def)
(/usr/share/texlive/texmf-dist/tex/latex/latexconfig/hyperref.cfg)

Package hyperref Warning: Option `pagecolor' is not available anymore.

(/usr/share/texlive/texmf-dist/tex/latex/url/url.sty))
(/usr/share/texlive/texmf-dist/tex/latex/hyperref/hdvips.def
(/usr/share/texlive/texmf-dist/tex/latex/hyperref/pdfmark.def
(/usr/share/texlive/texmf-dist/tex/latex/oberdiek/rerunfilecheck.sty)))
(/usr/share/texlive/texmf-dist/tex/latex/psnfss/ot1phv.fd))
(/usr/share/texlive/texmf-dist/tex/latex/base/fontenc.sty
(/usr/share/texlive/texmf-dist/tex/latex/base/t1enc.def))
(/usr/share/texlive/texmf-dist/tex/latex/colortbl/colortbl.sty
(/usr/share/texlive/texmf-dist/tex/latex/tools/array.sty))
(/usr/share/texlive/texmf-dist/tex/latex/xcolor/xcolor.sty
(/usr/share/texlive/texmf-dist/tex/latex/graphics-cfg/color.cfg))
(/usr/share/texlive/texmf-dist/tex/latex/float/float.sty)
No file main.aux.
(/usr/share/texlive/texmf-dist/tex/latex/hyperref/nameref.sty
(/usr/share/texlive/texmf-dist/tex/generic/oberdiek/gettitlestring.sty))

Package hyperref Warning: Rerun to get /PageLabels entry.

(/usr/share/texlive/texmf-dist/tex/latex/base/t1cmss.fd) <logo.eps>

Package JHEP Warning: E-mails are missing.
(JHEP)                Plese use \emailAdd macro to provide e-mails..

(/usr/share/texlive/texmf-dist/tex/latex/amsfonts/umsa.fd)
(/usr/share/texlive/texmf-dist/tex/latex/amsfonts/umsb.fd)
Underfull \hbox (badness 10000) in paragraph at lines 38--38


Underfull \hbox (badness 10000) in paragraph at lines 38--38


Underfull \hbox (badness 10000) in paragraph at lines 38--38


Underfull \hbox (badness 10000) in paragraph at lines 38--38

[0] [1] (/usr/share/texlive/texmf-dist/tex/latex/base/t1cmtt.fd)
Overfull \hbox (52.67569pt too wide) in paragraph at lines 50--103
\T1/cmtt/m/n/10 ma5>import /-home/-jcordero/-CMS/-Theory/-MG5_aMC_v2_7_2/-corde
rom/-output/-results/-ntgc_llg_CBBL4/-

Overfull \hbox (52.67569pt too wide) in paragraph at lines 50--103
\T1/cmtt/m/n/10 ma5>submit /-home/-jcordero/-CMS/-Theory/-MG5_aMC_v2_7_2/-corde
rom/-output/-results/-ntgc_llg_CBBL4/-

Underfull \hbox (badness 10000) in paragraph at lines 50--103

(/usr/share/texlive/texmf-dist/tex/latex/base/omscmr.fd) [2]
Underfull \hbox (badness 10000) in paragraph at lines 131--131
[]|\T1/cmr/m/n/10 output/-results/-ntgc_llg_CBBL4/-

Underfull \hbox (badness 10000) in paragraph at lines 131--131
\T1/cmr/m/n/10 Events/-run_01/-

Overfull \hbox (18.13213pt too wide) in paragraph at lines 127--134
 [] 
[3]
Overfull \hbox (18.48262pt too wide) in paragraph at lines 152--152
[]|\T1/cmr/m/n/10 unweighted_events| 

Overfull \hbox (55.33208pt too wide) in paragraph at lines 148--155
 [] 

Underfull \hbox (badness 10000) in paragraph at lines 145--156

<selection_0.eps> [4]
Overfull \hbox (18.48262pt too wide) in paragraph at lines 174--174
[]|\T1/cmr/m/n/10 unweighted_events| 

Overfull \hbox (55.33208pt too wide) in paragraph at lines 170--177
 [] 

Underfull \hbox (badness 10000) in paragraph at lines 167--178

<selection_1.eps> [5]
Overfull \hbox (18.48262pt too wide) in paragraph at lines 196--196
[]|\T1/cmr/m/n/10 unweighted_events| 

Overfull \hbox (55.33208pt too wide) in paragraph at lines 192--199
 [] 

Underfull \hbox (badness 10000) in paragraph at lines 189--200

<selection_2.eps> [6]
Overfull \hbox (18.48262pt too wide) in paragraph at lines 218--218
[]|\T1/cmr/m/n/10 unweighted_events| 

Overfull \hbox (55.33208pt too wide) in paragraph at lines 214--221
 [] 

Underfull \hbox (badness 10000) in paragraph at lines 211--222

<selection_3.eps> [7]
Overfull \hbox (18.48262pt too wide) in paragraph at lines 240--240
[]|\T1/cmr/m/n/10 unweighted_events| 

Overfull \hbox (55.33208pt too wide) in paragraph at lines 236--243
 [] 

Underfull \hbox (badness 10000) in paragraph at lines 233--244

<selection_4.eps> [8]
Overfull \hbox (18.48262pt too wide) in paragraph at lines 262--262
[]|\T1/cmr/m/n/10 unweighted_events| 

Overfull \hbox (55.33208pt too wide) in paragraph at lines 258--265
 [] 

Underfull \hbox (badness 10000) in paragraph at lines 255--266

<selection_5.eps> [9]
Overfull \hbox (18.48262pt too wide) in paragraph at lines 284--284
[]|\T1/cmr/m/n/10 unweighted_events| 

Underfull \hbox (badness 10000) in paragraph at lines 284--284
[]|\T1/cmr/m/n/10 -

Overfull \hbox (55.33208pt too wide) in paragraph at lines 280--287
 [] 

Underfull \hbox (badness 10000) in paragraph at lines 277--288

<selection_6.eps> [10]
Overfull \hbox (18.48262pt too wide) in paragraph at lines 306--306
[]|\T1/cmr/m/n/10 unweighted_events| 

Overfull \hbox (55.33208pt too wide) in paragraph at lines 302--309
 [] 

Underfull \hbox (badness 10000) in paragraph at lines 299--310

<selection_7.eps> [11]
Overfull \hbox (18.48262pt too wide) in paragraph at lines 328--328
[]|\T1/cmr/m/n/10 unweighted_events| 

Overfull \hbox (55.33208pt too wide) in paragraph at lines 324--331
 [] 

Underfull \hbox (badness 10000) in paragraph at lines 321--332

<selection_8.eps> [12]
Overfull \hbox (18.48262pt too wide) in paragraph at lines 350--350
[]|\T1/cmr/m/n/10 unweighted_events| 

Overfull \hbox (55.33208pt too wide) in paragraph at lines 346--353
 [] 

Underfull \hbox (badness 10000) in paragraph at lines 343--354

<selection_9.eps> [13]
Overfull \hbox (18.48262pt too wide) in paragraph at lines 372--372
[]|\T1/cmr/m/n/10 unweighted_events| 

Underfull \hbox (badness 10000) in paragraph at lines 372--372
[]|\T1/cmr/m/n/10 -

Overfull \hbox (55.33208pt too wide) in paragraph at lines 368--375
 [] 

Underfull \hbox (badness 10000) in paragraph at lines 365--376

<selection_10.eps> [14]
Overfull \hbox (18.48262pt too wide) in paragraph at lines 394--394
[]|\T1/cmr/m/n/10 unweighted_events| 

Overfull \hbox (55.33208pt too wide) in paragraph at lines 390--397
 [] 

Underfull \hbox (badness 10000) in paragraph at lines 387--398

<selection_11.eps> [15]
Overfull \hbox (18.48262pt too wide) in paragraph at lines 416--416
[]|\T1/cmr/m/n/10 unweighted_events| 

Overfull \hbox (55.33208pt too wide) in paragraph at lines 412--419
 [] 

Underfull \hbox (badness 10000) in paragraph at lines 409--420

<selection_12.eps> [16]
Overfull \hbox (18.48262pt too wide) in paragraph at lines 438--438
[]|\T1/cmr/m/n/10 unweighted_events| 

Overfull \hbox (55.33208pt too wide) in paragraph at lines 434--441
 [] 

Underfull \hbox (badness 10000) in paragraph at lines 431--442

<selection_13.eps> [17]
Overfull \hbox (18.48262pt too wide) in paragraph at lines 460--460
[]|\T1/cmr/m/n/10 unweighted_events| 

Overfull \hbox (55.33208pt too wide) in paragraph at lines 456--463
 [] 

Underfull \hbox (badness 10000) in paragraph at lines 453--464

<selection_14.eps> [18]
Overfull \hbox (18.48262pt too wide) in paragraph at lines 482--482
[]|\T1/cmr/m/n/10 unweighted_events| 

Overfull \hbox (55.33208pt too wide) in paragraph at lines 478--485
 [] 

Underfull \hbox (badness 10000) in paragraph at lines 475--486

<selection_15.eps> [19]
Overfull \hbox (18.48262pt too wide) in paragraph at lines 504--504
[]|\T1/cmr/m/n/10 unweighted_events| 

Overfull \hbox (55.33208pt too wide) in paragraph at lines 500--507
 [] 

Underfull \hbox (badness 10000) in paragraph at lines 497--508

<selection_16.eps> [20]
Overfull \hbox (18.48262pt too wide) in paragraph at lines 526--526
[]|\T1/cmr/m/n/10 unweighted_events| 

Overfull \hbox (55.33208pt too wide) in paragraph at lines 522--529
 [] 

Underfull \hbox (badness 10000) in paragraph at lines 519--530

<selection_17.eps> [21]
Overfull \hbox (18.48262pt too wide) in paragraph at lines 548--548
[]|\T1/cmr/m/n/10 unweighted_events| 

Overfull \hbox (55.33208pt too wide) in paragraph at lines 544--551
 [] 

Underfull \hbox (badness 10000) in paragraph at lines 541--552

<selection_18.eps> [22]
Overfull \hbox (18.48262pt too wide) in paragraph at lines 570--570
[]|\T1/cmr/m/n/10 unweighted_events| 

Overfull \hbox (55.33208pt too wide) in paragraph at lines 566--573
 [] 

Underfull \hbox (badness 10000) in paragraph at lines 563--574

<selection_19.eps> [23]
Overfull \hbox (18.48262pt too wide) in paragraph at lines 592--592
[]|\T1/cmr/m/n/10 unweighted_events| 

Overfull \hbox (55.33208pt too wide) in paragraph at lines 588--595
 [] 

Underfull \hbox (badness 10000) in paragraph at lines 585--596

<selection_20.eps> [24]
Overfull \hbox (18.48262pt too wide) in paragraph at lines 614--614
[]|\T1/cmr/m/n/10 unweighted_events| 

Overfull \hbox (55.33208pt too wide) in paragraph at lines 610--617
 [] 

Underfull \hbox (badness 10000) in paragraph at lines 607--618

<selection_21.eps> [25] (./main.aux)

Package rerunfilecheck Warning: File `main.out' has changed.
(rerunfilecheck)                Rerun to get outlines right
(rerunfilecheck)                or use package `bookmark'.

 )
(see the transcript file for additional information)
Output written on main.dvi (26 pages, 72692 bytes).
Transcript written on main.log.
This is pdfTeX, Version 3.14159265-2.6-1.40.18 (TeX Live 2017/Debian) (preloaded format=latex)
 restricted \write18 enabled.
entering extended mode
(./main.tex
LaTeX2e <2017-04-15>
Babel <3.18> and hyphenation patterns for 84 language(s) loaded.
(/usr/share/texlive/texmf-dist/tex/latex/base/article.cls
Document Class: article 2014/09/29 v1.4h Standard LaTeX document class
(/usr/share/texlive/texmf-dist/tex/latex/base/size10.clo)) (./jheppub.sty
(/usr/share/texlive/texmf-dist/tex/latex/amsmath/amsmath.sty
For additional information on amsmath, use the `?' option.
(/usr/share/texlive/texmf-dist/tex/latex/amsmath/amstext.sty
(/usr/share/texlive/texmf-dist/tex/latex/amsmath/amsgen.sty))
(/usr/share/texlive/texmf-dist/tex/latex/amsmath/amsbsy.sty)
(/usr/share/texlive/texmf-dist/tex/latex/amsmath/amsopn.sty))
(/usr/share/texlive/texmf-dist/tex/latex/amsfonts/amssymb.sty
(/usr/share/texlive/texmf-dist/tex/latex/amsfonts/amsfonts.sty))
(/usr/share/texlive/texmf-dist/tex/latex/graphics/epsfig.sty
(/usr/share/texlive/texmf-dist/tex/latex/graphics/graphicx.sty
(/usr/share/texlive/texmf-dist/tex/latex/graphics/keyval.sty)
(/usr/share/texlive/texmf-dist/tex/latex/graphics/graphics.sty
(/usr/share/texlive/texmf-dist/tex/latex/graphics/trig.sty)
(/usr/share/texlive/texmf-dist/tex/latex/graphics-cfg/graphics.cfg)
(/usr/share/texlive/texmf-dist/tex/latex/graphics-def/dvips.def))))
(/usr/share/texlive/texmf-dist/tex/latex/natbib/natbib.sty)
(/usr/share/texlive/texmf-dist/tex/latex/graphics/color.sty
(/usr/share/texlive/texmf-dist/tex/latex/graphics-cfg/color.cfg)
(/usr/share/texlive/texmf-dist/tex/latex/graphics/dvipsnam.def))
(/usr/share/texlive/texmf-dist/tex/latex/hyperref/hyperref.sty
(/usr/share/texlive/texmf-dist/tex/generic/oberdiek/hobsub-hyperref.sty
(/usr/share/texlive/texmf-dist/tex/generic/oberdiek/hobsub-generic.sty))
(/usr/share/texlive/texmf-dist/tex/generic/ifxetex/ifxetex.sty)
(/usr/share/texlive/texmf-dist/tex/latex/oberdiek/auxhook.sty)
(/usr/share/texlive/texmf-dist/tex/latex/oberdiek/kvoptions.sty)
(/usr/share/texlive/texmf-dist/tex/latex/hyperref/pd1enc.def)
(/usr/share/texlive/texmf-dist/tex/latex/latexconfig/hyperref.cfg)

Package hyperref Warning: Option `pagecolor' is not available anymore.

(/usr/share/texlive/texmf-dist/tex/latex/url/url.sty))
(/usr/share/texlive/texmf-dist/tex/latex/hyperref/hdvips.def
(/usr/share/texlive/texmf-dist/tex/latex/hyperref/pdfmark.def
(/usr/share/texlive/texmf-dist/tex/latex/oberdiek/rerunfilecheck.sty)))
(/usr/share/texlive/texmf-dist/tex/latex/psnfss/ot1phv.fd))
(/usr/share/texlive/texmf-dist/tex/latex/base/fontenc.sty
(/usr/share/texlive/texmf-dist/tex/latex/base/t1enc.def))
(/usr/share/texlive/texmf-dist/tex/latex/colortbl/colortbl.sty
(/usr/share/texlive/texmf-dist/tex/latex/tools/array.sty))
(/usr/share/texlive/texmf-dist/tex/latex/xcolor/xcolor.sty
(/usr/share/texlive/texmf-dist/tex/latex/graphics-cfg/color.cfg))
(/usr/share/texlive/texmf-dist/tex/latex/float/float.sty) (./main.aux)
(/usr/share/texlive/texmf-dist/tex/latex/hyperref/nameref.sty
(/usr/share/texlive/texmf-dist/tex/generic/oberdiek/gettitlestring.sty))
(./main.out) (./main.out)
(/usr/share/texlive/texmf-dist/tex/latex/base/t1cmss.fd) <logo.eps>

Package JHEP Warning: E-mails are missing.
(JHEP)                Plese use \emailAdd macro to provide e-mails..

(/usr/share/texlive/texmf-dist/tex/latex/amsfonts/umsa.fd)
(/usr/share/texlive/texmf-dist/tex/latex/amsfonts/umsb.fd)
Underfull \hbox (badness 10000) in paragraph at lines 38--38


Underfull \hbox (badness 10000) in paragraph at lines 38--38


Underfull \hbox (badness 10000) in paragraph at lines 38--38


Underfull \hbox (badness 10000) in paragraph at lines 38--38

[0] (./main.toc) [1] (/usr/share/texlive/texmf-dist/tex/latex/base/t1cmtt.fd)
Overfull \hbox (52.67569pt too wide) in paragraph at lines 50--103
\T1/cmtt/m/n/10 ma5>import /-home/-jcordero/-CMS/-Theory/-MG5_aMC_v2_7_2/-corde
rom/-output/-results/-ntgc_llg_CBBL4/-

Overfull \hbox (52.67569pt too wide) in paragraph at lines 50--103
\T1/cmtt/m/n/10 ma5>submit /-home/-jcordero/-CMS/-Theory/-MG5_aMC_v2_7_2/-corde
rom/-output/-results/-ntgc_llg_CBBL4/-

Underfull \hbox (badness 10000) in paragraph at lines 50--103

(/usr/share/texlive/texmf-dist/tex/latex/base/omscmr.fd) [2]
Underfull \hbox (badness 10000) in paragraph at lines 131--131
[]|\T1/cmr/m/n/10 output/-results/-ntgc_llg_CBBL4/-

Underfull \hbox (badness 10000) in paragraph at lines 131--131
\T1/cmr/m/n/10 Events/-run_01/-

Overfull \hbox (18.13213pt too wide) in paragraph at lines 127--134
 [] 
[3]
Overfull \hbox (18.48262pt too wide) in paragraph at lines 152--152
[]|\T1/cmr/m/n/10 unweighted_events| 

Overfull \hbox (55.33208pt too wide) in paragraph at lines 148--155
 [] 

Underfull \hbox (badness 10000) in paragraph at lines 145--156

<selection_0.eps> [4]
Overfull \hbox (18.48262pt too wide) in paragraph at lines 174--174
[]|\T1/cmr/m/n/10 unweighted_events| 

Overfull \hbox (55.33208pt too wide) in paragraph at lines 170--177
 [] 

Underfull \hbox (badness 10000) in paragraph at lines 167--178

<selection_1.eps> [5]
Overfull \hbox (18.48262pt too wide) in paragraph at lines 196--196
[]|\T1/cmr/m/n/10 unweighted_events| 

Overfull \hbox (55.33208pt too wide) in paragraph at lines 192--199
 [] 

Underfull \hbox (badness 10000) in paragraph at lines 189--200

<selection_2.eps> [6]
Overfull \hbox (18.48262pt too wide) in paragraph at lines 218--218
[]|\T1/cmr/m/n/10 unweighted_events| 

Overfull \hbox (55.33208pt too wide) in paragraph at lines 214--221
 [] 

Underfull \hbox (badness 10000) in paragraph at lines 211--222

<selection_3.eps> [7]
Overfull \hbox (18.48262pt too wide) in paragraph at lines 240--240
[]|\T1/cmr/m/n/10 unweighted_events| 

Overfull \hbox (55.33208pt too wide) in paragraph at lines 236--243
 [] 

Underfull \hbox (badness 10000) in paragraph at lines 233--244

<selection_4.eps> [8]
Overfull \hbox (18.48262pt too wide) in paragraph at lines 262--262
[]|\T1/cmr/m/n/10 unweighted_events| 

Overfull \hbox (55.33208pt too wide) in paragraph at lines 258--265
 [] 

Underfull \hbox (badness 10000) in paragraph at lines 255--266

<selection_5.eps> [9]
Overfull \hbox (18.48262pt too wide) in paragraph at lines 284--284
[]|\T1/cmr/m/n/10 unweighted_events| 

Underfull \hbox (badness 10000) in paragraph at lines 284--284
[]|\T1/cmr/m/n/10 -

Overfull \hbox (55.33208pt too wide) in paragraph at lines 280--287
 [] 

Underfull \hbox (badness 10000) in paragraph at lines 277--288

<selection_6.eps> [10]
Overfull \hbox (18.48262pt too wide) in paragraph at lines 306--306
[]|\T1/cmr/m/n/10 unweighted_events| 

Overfull \hbox (55.33208pt too wide) in paragraph at lines 302--309
 [] 

Underfull \hbox (badness 10000) in paragraph at lines 299--310

<selection_7.eps> [11]
Overfull \hbox (18.48262pt too wide) in paragraph at lines 328--328
[]|\T1/cmr/m/n/10 unweighted_events| 

Overfull \hbox (55.33208pt too wide) in paragraph at lines 324--331
 [] 

Underfull \hbox (badness 10000) in paragraph at lines 321--332

<selection_8.eps> [12]
Overfull \hbox (18.48262pt too wide) in paragraph at lines 350--350
[]|\T1/cmr/m/n/10 unweighted_events| 

Overfull \hbox (55.33208pt too wide) in paragraph at lines 346--353
 [] 

Underfull \hbox (badness 10000) in paragraph at lines 343--354

<selection_9.eps> [13]
Overfull \hbox (18.48262pt too wide) in paragraph at lines 372--372
[]|\T1/cmr/m/n/10 unweighted_events| 

Underfull \hbox (badness 10000) in paragraph at lines 372--372
[]|\T1/cmr/m/n/10 -

Overfull \hbox (55.33208pt too wide) in paragraph at lines 368--375
 [] 

Underfull \hbox (badness 10000) in paragraph at lines 365--376

<selection_10.eps> [14]
Overfull \hbox (18.48262pt too wide) in paragraph at lines 394--394
[]|\T1/cmr/m/n/10 unweighted_events| 

Overfull \hbox (55.33208pt too wide) in paragraph at lines 390--397
 [] 

Underfull \hbox (badness 10000) in paragraph at lines 387--398

<selection_11.eps> [15]
Overfull \hbox (18.48262pt too wide) in paragraph at lines 416--416
[]|\T1/cmr/m/n/10 unweighted_events| 

Overfull \hbox (55.33208pt too wide) in paragraph at lines 412--419
 [] 

Underfull \hbox (badness 10000) in paragraph at lines 409--420

<selection_12.eps> [16]
Overfull \hbox (18.48262pt too wide) in paragraph at lines 438--438
[]|\T1/cmr/m/n/10 unweighted_events| 

Overfull \hbox (55.33208pt too wide) in paragraph at lines 434--441
 [] 

Underfull \hbox (badness 10000) in paragraph at lines 431--442

<selection_13.eps> [17]
Overfull \hbox (18.48262pt too wide) in paragraph at lines 460--460
[]|\T1/cmr/m/n/10 unweighted_events| 

Overfull \hbox (55.33208pt too wide) in paragraph at lines 456--463
 [] 

Underfull \hbox (badness 10000) in paragraph at lines 453--464

<selection_14.eps> [18]
Overfull \hbox (18.48262pt too wide) in paragraph at lines 482--482
[]|\T1/cmr/m/n/10 unweighted_events| 

Overfull \hbox (55.33208pt too wide) in paragraph at lines 478--485
 [] 

Underfull \hbox (badness 10000) in paragraph at lines 475--486

<selection_15.eps> [19]
Overfull \hbox (18.48262pt too wide) in paragraph at lines 504--504
[]|\T1/cmr/m/n/10 unweighted_events| 

Overfull \hbox (55.33208pt too wide) in paragraph at lines 500--507
 [] 

Underfull \hbox (badness 10000) in paragraph at lines 497--508

<selection_16.eps> [20]
Overfull \hbox (18.48262pt too wide) in paragraph at lines 526--526
[]|\T1/cmr/m/n/10 unweighted_events| 

Overfull \hbox (55.33208pt too wide) in paragraph at lines 522--529
 [] 

Underfull \hbox (badness 10000) in paragraph at lines 519--530

<selection_17.eps> [21]
Overfull \hbox (18.48262pt too wide) in paragraph at lines 548--548
[]|\T1/cmr/m/n/10 unweighted_events| 

Overfull \hbox (55.33208pt too wide) in paragraph at lines 544--551
 [] 

Underfull \hbox (badness 10000) in paragraph at lines 541--552

<selection_18.eps> [22]
Overfull \hbox (18.48262pt too wide) in paragraph at lines 570--570
[]|\T1/cmr/m/n/10 unweighted_events| 

Overfull \hbox (55.33208pt too wide) in paragraph at lines 566--573
 [] 

Underfull \hbox (badness 10000) in paragraph at lines 563--574

<selection_19.eps> [23]
Overfull \hbox (18.48262pt too wide) in paragraph at lines 592--592
[]|\T1/cmr/m/n/10 unweighted_events| 

Overfull \hbox (55.33208pt too wide) in paragraph at lines 588--595
 [] 

Underfull \hbox (badness 10000) in paragraph at lines 585--596

<selection_20.eps> [24]
Overfull \hbox (18.48262pt too wide) in paragraph at lines 614--614
[]|\T1/cmr/m/n/10 unweighted_events| 

Overfull \hbox (55.33208pt too wide) in paragraph at lines 610--617
 [] 

Underfull \hbox (badness 10000) in paragraph at lines 607--618

<selection_21.eps> [25] (./main.aux) )
(see the transcript file for additional information)
Output written on main.dvi (26 pages, 83512 bytes).
Transcript written on main.log.
